27799 produced
9009 produced
27819 produced
7963 produced
22578 produced
13696 produced
6827 produced
27806 produced
30506 produced
27838 produced
6918 produced
20135 produced
16657 produced
22186 produced
3406 produced
5555 produced
28715 produced
958 produced
7054 produced
27684 produced
22616 produced
16265 produced
12667 produced
31459 produced
9792 produced
5237 produced
16473 produced
12823 produced
12746 produced
21594 produced
9282 produced
675 produced
32525 produced
29115 produced
29829 produced
17065 produced
12647 produced
22494 produced
26210 produced
26386 produced
5339 produced
16227 produced
6612 produced
23376 produced
14762 produced
10040 produced
18522 produced
9027 produced
9357 produced
17360 produced
12559 produced
10985 produced
20620 produced
20945 produced
14621 produced
16163 produced
10558 produced
1116 produced
15586 produced
24129 produced
2977 produced
22570 produced
29139 produced
8062 produced
32057 produced
27582 produced
5441 produced
20662 produced
13088 produced
18335 produced
21752 produced
20163 produced
11646 produced
2086 produced
18140 produced
14687 produced
14507 produced
22568 produced
16914 produced
8271 produced
28291 produced
32111 produced
2407 produced
28475 produced
17597 produced
27470 produced
3211 produced
3980 produced
28396 produced
13300 produced
15378 produced
23558 produced
11315 produced
22902 produced
30385 produced
5649 produced
684 produced
6936 produced
27730 produced
27565 produced
17621 produced
3028 produced
28382 produced
14401 produced
3578 produced
18519 produced
29843 produced
20765 produced
22383 produced
31192 produced
5873 produced
24097 produced
21841 produced
13079 produced
1368 produced
1 produced
8626 produced
12544 produced
12706 produced
11356 produced
28672 produced
21292 produced
14763 produced
12877 produced
19591 produced
14278 produced
19966 produced
13352 produced
13602 produced
19966 produced
19842 produced
22627 produced
9319 produced
8083 produced
12721 produced
21380 produced
10445 produced
6752 produced
6471 produced
16256 produced
17044 produced
29198 produced
11180 produced
24787 produced
7247 produced
3330 produced
19971 produced
31443 produced
15193 produced
21369 produced
11338 produced
21435 produced
8594 produced
4128 produced
20929 produced
12940 produced
4318 produced
18007 produced
4374 produced
6662 produced
545 produced
16762 produced
15142 produced
20830 produced
14221 produced
22932 produced
10961 produced
22161 produced
25752 produced
19514 produced
1537 produced
15937 produced
30622 produced
18869 produced
7153 produced
21476 produced
29807 produced
920 produced
14401 produced
15045 produced
18914 produced
16768 produced
23351 produced
32271 produced
12415 produced
6694 produced
14138 produced
17508 produced
10662 produced
26068 produced
30430 produced
5807 produced
4956 produced
18985 produced
7093 produced
21697 produced
1577 produced
18300 produced
14858 produced
14023 produced
25245 produced
16763 produced
4073 produced
22709 produced
11843 produced
32054 produced
14828 produced
32068 produced
13437 produced
9407 produced
27506 produced
4299 produced
17208 produced
13203 produced
495 produced
4665 produced
26612 produced
3426 produced
19241 produced
25041 produced
24401 produced
19995 produced
29532 produced
2252 produced
19640 produced
18793 produced
19623 produced
7915 produced
31833 produced
28365 produced
8422 produced
11981 produced
13905 produced
9007 produced
32648 produced
14866 produced
17096 produced
12590 produced
12898 produced
8927 produced
972 produced
19083 produced
19865 produced
15283 produced
32758 produced
11558 produced
5985 produced
23558 produced
5067 produced
3477 produced
25453 produced
6509 produced
28945 produced
26062 produced
22802 produced
9354 produced
29226 produced
31143 produced
25629 produced
10184 produced
23694 produced
25623 produced
11583 produced
29224 produced
6999 produced
11801 produced
19327 produced
6614 produced
11361 produced
1415 produced
1899 produced
27769 produced
17279 produced
3534 produced
23278 produced
14327 produced
11055 produced
9572 produced
8411 produced
32545 produced
1407 produced
5447 produced
10742 produced
22983 produced
4841 produced
5943 produced
7900 produced
7980 produced
31999 produced
4455 produced
24887 produced
6576 produced
13368 produced
4376 produced
24480 produced
13978 produced
25646 produced
21763 produced
19154 produced
4695 produced
7597 produced
2092 produced
10920 produced
6610 produced
31009 produced
29613 produced
26746 produced
7588 produced
18219 produced
5516 produced
21111 produced
22258 produced
29333 produced
4918 produced
24788 produced
3943 produced
29437 produced
19939 produced
26507 produced
28660 produced
21056 produced
14373 produced
11049 produced
20623 produced
24223 produced
27246 produced
10088 produced
26501 produced
3409 produced
7027 produced
17604 produced
21775 produced
28282 produced
10169 produced
18172 produced
15406 produced
7343 produced
2758 produced
26087 produced
18281 produced
357 produced
21078 produced
21381 produced
22406 produced
26382 produced
25056 produced
23441 produced
30535 produced
21272 produced
4931 produced
17722 produced
23962 produced
12353 produced
1954 produced
27505 produced
14946 produced
8411 produced
29437 produced
7241 produced
30178 produced
17433 produced
10813 produced
20473 produced
14876 produced
19624 produced
20815 produced
28746 produced
9069 produced
11948 produced
81 produced
31319 produced
32081 produced
28138 produced
24687 produced
20142 produced
873 produced
16019 produced
947 produced
7316 produced
25895 produced
28791 produced
863 produced
16465 produced
11243 produced
14201 produced
18605 produced
23717 produced
24693 produced
4751 produced
3476 produced
19131 produced
8720 produced
25447 produced
11860 produced
12773 produced
1689 produced
1272 produced
1113 produced
1771 produced
27782 produced
