3131
30071
18131
31481
13451
21041
5291
9161
32471
25121
12131
7691
3611
13201
6851
12911
4321
20171
29801
30191
2141
11581
13031
18841
16021
7031
3001
10051
3001
13361
16891
24571
781
12641
11611
19471
3611
20621
7831
10871
29791
26971
27451
8971
32471
30371
25241
10721
12491
15731
23111
23701
6401
32261
2431
32531
8021
1151
15661
15761
28411
401
1201
25631
6761
27421
18691
23521
24241
14771
6821
16501
10661
13651
6751
8431
18751
4001
11261
15641
18781
27101
25861
14521
23951
10301
17341
17251
17671
16771
10591
8521
18841
17851
23131
17311
19441
2231
22541
16291
3821
12721
30071
26551
15931
8761
30721
17761
23371
9511
4021
11741
31511
13441
5311
931
17341
26051
29441
6371
20521
27491
24671
641
4111
29501
1111
24001
1171
20131
4861
23291
9781
32371
15781
22381
31801
14711
15761
9401
29261
30361
1261
23141
23801
2651
30281
13411
13381
14131
4751
1121
16751
8861
10681
14321
30721
16961
18611
3191
5431
2171
2941
14641
20161
14131
17591
25871
23281
14741
22981
28921
2801
21481
14821
17711
15901
26341
18151
20711
10291
27611
13021
24881
1021
4741
3521
12901
3731
13591
4051
18061
22231
28031
12901
29771
18511
30751
30301
31541
23551
13081
4951
2641
14101
8711
8971
12781
27961
9431
28891
20951
17621
6041
991
27721
12851
3001
4931
12521
1001
2171
8041
17401
23501
8801
6461
22991
1321
27361
16781
14141
3491
20561
3871
9071
26161
6871
9461
21281
6521
6361
3821
31111
14281
32081
3331
4681
23711
30971
20641
4601
31531
31841
26341
20461
961
9301
16711
28321
20441
811
29081
13591
4051
18061
15921
