17372
6422
30352
30002
21142
4912
7522
8582
8462
8662
6832
12172
24062
7322
19042
20572
26452
4112
20992
32732
18572
15292
28132
31592
712
14432
10642
6632
23702
23732
11372
18572
28352
28232
5882
7952
14662
18232
14282
27712
9032
24052
11932
22732
26042
22522
13162
30352
3472
10532
7412
29692
3502
12212
19472
10742
25022
25732
10672
10702
17032
27272
23342
14872
30952
11282
12142
20782
2372
7222
22352
18962
25052
8612
28492
23692
16852
20162
8902
13592
9802
5642
26072
16282
13562
22622
19412
18892
25282
21962
25292
8992
1382
25472
30142
14272
10922
16202
28072
14162
8722
20932
23942
19732
4852
2422
25732
10022
16642
18322
82
25642
30122
452
6652
7262
13802
19402
3632
932
5552
21932
15412
27062
5822
20102
15592
28772
4552
17342
212
18562
31472
15922
10612
15422
12392
8212
23702
10252
32732
21122
22342
4172
13762
30122
24442
5732
3542
30442
15752
13892
4972
6442
23942
13042
24142
3592
11822
20582
20852
26192
16922
27322
15752
30842
10132
16862
1252
5092
8972
14752
22442
9592
8132
9662
31382
21622
1222
27082
32062
5912
26402
15112
7532
14372
24002
17932
32332
9962
23122
14432
2812
8012
30502
30482
21052
22522
15622
11782
29332
2602
14192
19132
32582
30212
30302
27742
8702
9442
1052
8852
13472
18812
922
542
27442
6382
962
9772
26002
8672
31612
15662
18832
11662
3652
7052
28672
14362
17192
14102
22592
16342
26362
12682
22892
23612
29992
30932
25802
9712
20902
23272
8012
2712
342
30502
30482
21052
22522
