18983
11543
5233
16823
6353
9463
15433
3913
23963
9113
6803
12703
6673
18733
31393
7393
21553
15553
6443
25943
18613
26183
20513
17753
13783
26593
29473
10883
25673
16003
4703
17833
22543
10483
223
27563
27533
10703
18313
18533
13183
29033
26413
10943
19883
10283
2063
10853
23653
1823
19073
13363
25103
4423
31843
12133
31253
13033
1913
13913
16453
53
27773
17963
25513
23933
13663
5893
28313
5263
16063
7123
22453
30623
28303
15433
11393
2473
29933
533
20833
23693
6943
28193
21173
28163
29053
2863
7823
29893
19973
30773
9383
28603
21463
14003
21133
19733
14353
30473
4843
473
13363
29873
21023
25093
4723
473
27203
27283
14083
6713
233
25043
4853
8093
26513
1723
3383
31963
22283
3103
21553
13883
23483
27773
20743
14263
18793
20153
30733
4433
3523
19273
7073
3143
16633
25193
2413
7693
31313
15433
22393
31433
10373
29353
4033
20293
27073
3193
5003
32443
26573
32393
28763
29353
25393
12103
31613
17113
10993
24623
28063
19063
6583
9493
15473
2443
32683
1043
8773
8743
8833
21223
24113
523
16043
5933
15533
25993
10423
11963
29693
30323
9323
24923
27113
30083
23233
1943
13843
10463
19213
2123
28873
27883
11833
20263
13313
30463
28423
14843
4003
25343
20233
1303
8563
17483
15293
15913
23533
32113
3163
32273
16703
26653
29413
14563
20153
3173
13253
4273
21943
463
4693
10753
21403
4693
22633
18103
18353
8413
11513
11413
20813
5933
7193
30623
27863
12653
6313
28343
5893
2623
25343
28753
4103
6013
3593
23573
10823
2183
6433
23593
5623
25883
13693
773
15593
13993
16853
1813
20483
3253
13493
14803
5413
11813
4333
14473
32053
27833
30743
21463
4813
18893
21953
3173
9593
14233
21023
11323
26383
4513
29293
8003
8553
29413
14563
20153
