20654
6724
3224
29834
6364
12224
19964
13724
12244
21064
27794
19394
10864
21724
25664
1094
29684
11864
18854
10754
30304
19714
27134
19484
6304
28654
374
27584
12974
8984
19574
31744
8314
11084
9734
3224
8804
10694
20734
18814
8594
27104
24884
11824
9914
13244
5924
3784
2654
32104
23194
30304
554
29824
8744
26824
15734
27244
28654
20674
6914
4784
6604
17624
25544
28534
18784
28834
28184
20204
22244
24194
20324
16694
12494
2194
29654
12364
26374
644
8624
5494
5444
1264
28174
19214
26024
13294
15674
7424
5504
27004
27214
16304
20594
29284
4624
28804
15274
14764
10684
20734
19964
22714
3374
28034
31514
8464
11594
26114
31144
16504
7274
16064
10474
15304
15934
18274
29324
25094
18764
16214
5144
3844
15734
21754
8534
12884
1354
1384
11284
30814
15094
19274
2984
10054
11494
17044
23384
13864
11894
13904
5114
6034
16774
30124
30154
25234
8924
13214
28094
8044
19454
22654
16244
21764
25294
19454
784
1264
31514
29194
17774
9754
27014
11854
2324
4864
8054
3614
31544
20404
32504
18974
29134
4694
18994
17624
21194
23474
7544
3914
12364
11354
3284
12434
4474
22084
7444
6374
29554
24274
21374
30614
26404
20764
26444
9814
18044
7594
17524
17144
14314
20944
15544
30344
27694
1354
17854
4064
5734
23074
31774
10834
30254
23674
30314
17374
3404
19594
19474
29434
30074
4964
29044
1004
26734
32134
19634
18244
14134
3844
3614
8504
554
31604
29354
44
27364
13594
20854
14524
16964
22304
16364
12934
11744
26204
19244
2854
5894
14074
4474
21064
13804
29194
11524
28654
18134
29294
9074
2084
5734
16714
22624
23144
25664
16634
9814
18044
7594
17994
17524
17144
14314
20944
