31925
22015
3625
6605
27565
10075
28405
3395
3035
18185
31285
4955
31415
8495
32615
725
4645
30145
25435
16105
26075
16075
18635
4945
30515
32095
25895
9815
23255
13015
11315
4435
31985
24115
30715
25855
6665
28325
4745
685
17335
11225
9695
22115
11635
29405
22495
31525
7835
21185
14345
11015
2165
16565
10115
11965
9875
2315
12725
19045
29435
5935
30155
1135
32285
15925
13555
27595
29275
23605
19255
15775
22475
4835
23465
29665
24115
8765
32245
9325
7535
5455
4145
19625
4895
985
7835
29995
21575
18865
31565
275
10385
11075
25225
29165
11485
16015
24775
5195
1625
9485
2765
32425
28735
27805
3475
16165
30755
24235
8965
785
5585
24455
2365
20105
24385
1915
18595
15805
4465
14615
12935
3725
3505
31885
19745
19445
14665
23095
16255
26435
19705
30335
22505
28925
595
26645
13255
7025
6055
11005
2695
7565
20105
11285
10615
11675
9145
7115
6815
16445
10415
18175
7685
6695
9725
13745
27425
12085
26215
24995
16225
25735
16765
27625
18595
25565
21635
23995
3295
25955
21305
3965
30325
21275
22535
5045
21545
32495
17225
13775
20995
13505
21905
8275
30395
2225
7135
20335
19135
2245
29885
28535
28555
25555
4375
12725
13265
10775
6275
1405
21305
25115
12895
20875
6205
13865
10415
9365
22175
11135
25135
20705
17375
29615
24565
10835
14485
7825
10955
25315
24115
25765
2525
24085
18035
8675
425
19265
10955
3185
1475
6065
7555
11495
26815
20405
16465
3215
11245
26665
8845
19165
8845
30655
12625
32605
32725
29195
23725
6845
16775
13945
22685
21005
1955
10495
16795
7795
8945
11135
7315
19795
12865
29435
9745
25795
12065
8575
20725
25495
13415
32705
12065
4925
15815
17315
825
20705
17375
29615
24565
14715
