28936
11756
16696
10696
25526
29206
2536
26236
5486
8026
10316
7136
8896
26326
6416
15376
20036
1106
22556
23626
22336
5606
25816
13226
16466
9686
10156
16006
25856
27466
12146
23086
2846
28646
15296
5716
24766
506
6656
9376
4586
5996
10856
11486
4646
24146
8866
32396
30116
13876
446
17426
6736
6286
18076
29876
18566
1976
20066
20786
15746
19126
21586
27076
30656
22616
26266
8236
20906
22256
22676
30406
9976
18146
16276
29696
3856
22376
27796
16
28226
22216
31126
16756
28256
32236
7706
9656
8936
10426
15856
11656
32716
3566
4066
25166
2266
22156
8206
4076
28006
19456
2236
27266
8576
22696
18776
20876
3646
8416
24296
29606
17336
5726
196
15776
13556
25066
23306
14716
27466
10666
3506
25916
5666
11306
6076
31576
7586
6116
9866
26996
20006
6776
4096
4366
5116
6766
17186
30626
12266
5086
1246
8876
596
31036
18046
22646
8956
13946
11906
5236
21146
18796
6496
4786
24106
18596
25126
27316
13706
1676
16616
8326
24646
19886
6316
26686
10046
12556
2596
5836
556
10216
14066
8426
28216
24466
8536
23786
20026
30166
14296
12106
3766
23626
23086
12446
3196
13306
9436
23266
15026
31346
8746
7856
29096
4006
29236
31256
19876
7126
2336
22216
1876
4276
2666
3826
24166
29656
11596
21056
8986
256
10816
226
2036
30436
22576
24556
14006
286
21176
18256
16046
26186
27586
28066
6616
22256
7456
14626
15586
6106
4666
15376
566
1066
14626
23716
2566
21736
4786
21326
29816
12146
32306
4196
20366
31966
7096
7016
14216
13196
19366
17276
23686
9116
17416
4496
22936
3116
24986
10886
25196
18736
9866
7756
376
26336
27796
3566
2316
2336
22146
16866
