10277
26737
31667
3367
8107
31037
10997
11677
28507
937
17267
677
11117
77
4067
28877
7757
30727
28357
5447
5777
15457
17447
16127
23867
18577
397
10487
6127
32227
18697
15937
31157
8857
14947
13117
24037
21467
32147
13417
30517
28697
28217
21247
13927
24067
4477
2077
20287
16637
20017
8557
3167
18727
26207
1937
26017
18697
21557
20827
10127
7877
2137
20767
5677
24157
25537
28127
2557
20687
17947
29197
5827
15497
9937
15787
26767
187
15067
20197
31237
11977
11177
2267
26977
27787
4157
28637
26107
13067
14657
9947
11237
9197
19277
27617
25097
1307
28127
26887
1307
19267
24947
14737
19577
24077
20137
15217
23287
26317
3067
31747
23017
2657
11747
30847
30877
6047
17297
2527
9797
17257
30317
9067
797
28157
28717
8737
16307
23347
10507
7547
8977
3407
6587
217
3737
27947
25487
26287
6637
16637
1477
31717
11407
32167
18917
617
14047
947
5927
20317
2537
18997
13187
15187
1417
3857
13687
22627
18727
32347
15827
20587
22517
4057
8567
367
22687
4267
4457
15677
25607
26627
637
5897
29987
4657
15947
9127
27977
3157
2117
16987
25087
30767
7777
3787
3947
13927
23597
28337
25747
23767
677
27337
21977
19457
21787
10777
5177
12497
7397
13327
23717
10867
16657
22807
997
31817
8857
23557
32387
15857
14347
20017
10087
8437
21307
7127
16777
13177
9757
29047
26467
3047
17737
2657
7777
30407
18367
8267
27757
12247
14147
647
1517
12797
2987
27797
12167
13427
17267
17377
9587
24107
25847
23597
28337
