16958
32728
29318
20878
5678
29878
30928
658
31328
9448
8618
5558
25358
28148
29248
25108
29998
17038
24278
22798
27398
11488
19318
22588
18968
10418
32578
25228
2648
2318
1568
31118
1898
26918
11698
27848
7838
19828
18398
29618
29018
32488
7178
8578
12208
5668
4588
27008
16988
838
26938
20818
22378
2548
30818
20258
19978
9788
8578
23878
17528
26768
4528
22738
18328
5038
13028
27898
6488
19978
20788
7408
5558
24718
28258
10108
23138
19358
3448
9118
14788
17438
6398
30008
15418
16568
14738
8
7318
23018
2368
30418
14428
24578
24608
31928
18608
25658
26338
7078
6628
6808
9908
26588
20228
30808
26708
3098
19628
4358
16018
3848
30698
14548
32728
14338
8398
13058
12068
15478
7328
25798
13408
21448
22108
10868
7138
8168
7418
10718
2708
27698
8368
17588
14968
14998
17228
30268
5908
16858
18368
3568
2068
26938
30998
14758
15958
8188
17648
25058
11458
23018
27668
12358
3178
12998
10048
22738
24838
25648
17098
31708
16528
26198
27748
15838
11248
28238
18908
21728
15578
31708
14468
988
20398
27128
1468
5948
21688
26438
32758
1768
9838
21688
8168
13418
68
3568
7918
13628
25568
9698
15808
9548
7138
3658
24548
32408
3518
26968
10268
31288
26548
6728
24608
18128
6218
14888
22988
2078
24328
9758
12188
5068
418
8068
2758
30878
27818
24538
11758
12578
24938
15398
2738
3278
31018
31838
12688
9038
30368
23668
26138
28138
5588
21218
10348
18068
10438
16678
6848
5488
3788
27668
20258
25288
13928
28478
26768
5308
8608
15968
26018
18488
19298
7288
9068
11398
478
11528
29948
26518
8098
14728
9008
13058
15458
28528
2698
31288
26548
