29119
8609
30599
24319
1819
22439
1709
27289
5599
30889
5539
5759
16309
31139
1439
28469
29449
4909
8029
11879
929
15349
12409
14599
31159
1859
3209
26419
3439
23329
5029
5959
27899
24859
10309
24649
20969
25609
23209
24359
14959
12119
20419
18059
30989
31859
27829
419
30779
5929
20389
14159
17599
29
32759
29909
11719
8249
7609
20329
25739
1279
21589
9469
5629
24749
26629
239
22589
13819
7909
25139
7399
27019
28279
13889
29159
22169
26399
6199
20669
26699
22409
5639
22999
8939
21749
13309
24239
7639
9839
15059
29429
4619
3569
749
6169
21829
16489
18799
9599
19909
8449
9839
25699
8959
11539
5639
15239
19129
9209
26879
24959
3209
7939
27839
8389
20219
11329
32569
19399
15089
15859
10129
17249
8579
5639
2549
1919
16919
14689
30809
1799
26689
18869
5029
11329
23249
26699
20689
509
11549
14659
31349
31939
8729
10199
27299
20779
8479
2189
27349
26159
32749
27779
32369
4069
13709
18259
20629
23119
26389
27139
23669
22339
2279
30589
9589
27829
23549
22379
9259
8749
22319
13019
7159
1039
10849
27089
3859
17669
19319
11629
25729
32029
19379
16549
9709
30829
8209
29399
12559
30569
23429
10739
3589
3209
32669
4669
26719
10439
26719
18379
21229
24589
15269
27319
5249
8879
29039
3109
20099
10979
13229
10409
32509
27659
30529
17869
13829
30869
89
17989
22589
16799
11819
30079
18299
2099
10789
12289
18449
11129
11849
30959
16199
32269
27089
13959
