25826 produced
21126 produced
23420 produced
23420 consumed
5861 consumed
25846 consumed
25826 consumed
21126 consumed
25833 produced
9855 produced
9855 consumed
25846 produced
20081 produced
20081 consumed
25833 consumed
26380 consumed
5861 produced
15871 produced
26660 produced
26660 consumed
32301 produced
19169 produced
12222 produced
17453 produced
4604 produced
19121 produced
12253 produced
12648 produced
15561 produced
16652 produced
32191 produced
29992 produced
10387 produced
6860 produced
21092 produced
9662 produced
3705 produced
30817 produced
10516 produced
31655 produced
1556 produced
4046 produced
10575 produced
25521 produced
24330 produced
28660 produced
27908 produced
31838 produced
14560 produced
2323 produced
30467 produced
653 produced
19728 produced
7822 produced
28083 produced
29015 produced
8028 produced
1518 produced
28168 produced
22840 produced
2145 produced
22314 produced
2736 produced
12911 produced
20079 produced
29222 produced
19341 produced
11943 produced
16536 produced
32121 produced
16744 produced
19926 produced
2055 produced
17011 produced
484 produced
14950 produced
9108 produced
2655 produced
8112 produced
12435 produced
16789 produced
24837 produced
29441 produced
29972 produced
27638 produced
24691 produced
17984 produced
7933 produced
14988 produced
27133 produced
15103 produced
14564 produced
32678 produced
28803 produced
31538 produced
32066 produced
8933 produced
14322 produced
2716 produced
12829 produced
7758 produced
11789 produced
19591 produced
26596 produced
18697 consumed
17453 consumed
4604 consumed
19121 consumed
12253 consumed
12648 consumed
15561 consumed
16652 consumed
32191 consumed
29992 consumed
10387 consumed
6860 consumed
21092 consumed
9662 consumed
3705 consumed
30817 consumed
10516 consumed
31655 consumed
1556 consumed
4046 consumed
10575 consumed
25521 consumed
24330 consumed
28660 consumed
27908 consumed
31838 consumed
14560 consumed
2323 consumed
30467 consumed
653 consumed
19728 consumed
7822 consumed
28083 consumed
29015 consumed
8028 consumed
1518 consumed
28168 consumed
22840 consumed
2145 consumed
22314 consumed
2736 consumed
12911 consumed
20079 consumed
29222 consumed
19341 consumed
11943 consumed
16536 consumed
32121 consumed
16744 consumed
19926 consumed
2055 consumed
17011 consumed
484 consumed
14950 consumed
9108 consumed
2655 consumed
8112 consumed
12435 consumed
16789 consumed
24837 consumed
29441 consumed
29972 consumed
27638 consumed
24691 consumed
17984 consumed
7933 consumed
14988 consumed
27133 consumed
15103 consumed
14564 consumed
32678 consumed
28803 consumed
31538 consumed
32066 consumed
8933 consumed
14322 consumed
2716 consumed
12829 consumed
7758 consumed
11789 consumed
19591 consumed
26596 consumed
20894 consumed
32301 consumed
20894 produced
16494 produced
4536 produced
8091 produced
8157 produced
21447 produced
17058 produced
7223 produced
2870 produced
16494 produced
31194 produced
25420 produced
17158 produced
30745 produced
8907 produced
12517 produced
22579 produced
14566 produced
28843 produced
18697 produced
3916 produced
11487 produced
16768 produced
16449 produced
16387 produced
30429 produced
29018 produced
8306 produced
1136 produced
24024 produced
30183 produced
25488 produced
20741 produced
7559 produced
4306 produced
9771 produced
27494 produced
21261 produced
24704 produced
27551 produced
28110 produced
718 produced
7832 produced
29323 produced
6575 produced
12416 produced
10179 produced
11652 produced
15768 produced
15749 produced
12464 produced
13322 produced
12892 produced
376 produced
19548 produced
16314 produced
13169 produced
20742 produced
10128 produced
2502 produced
5782 produced
26367 produced
7595 produced
7331 produced
9912 produced
25516 produced
2721 produced
28161 produced
9751 produced
22116 produced
32324 produced
21760 produced
15269 produced
1370 produced
13506 produced
12449 produced
20398 produced
26553 produced
30831 produced
21114 produced
7102 produced
1523 produced
20677 produced
431 produced
29120 produced
13397 produced
8873 produced
10781 produced
32355 produced
23520 produced
9712 produced
3032 produced
2754 produced
17748 produced
21538 produced
32472 produced
323 produced
6797 produced
13438 produced
7919 produced
14783 produced
4626 produced
10558 produced
29694 produced
20708 produced
30956 produced
8732 produced
27241 produced
3800 produced
3764 produced
22548 produced
12232 produced
8479 produced
26608 produced
30316 produced
18400 produced
11199 produced
19104 produced
21746 produced
28113 produced
30114 produced
14611 produced
10117 produced
5520 produced
13371 produced
7935 produced
18134 produced
8600 produced
14957 produced
21713 produced
30320 produced
8413 produced
3752 produced
27970 produced
19446 produced
10498 produced
11349 produced
299 produced
7084 produced
8395 produced
29812 produced
28058 produced
3641 produced
3797 produced
4483 produced
14373 produced
17324 produced
16517 produced
21154 produced
3454 produced
10172 produced
23870 produced
16886 produced
3656 produced
23380 produced
14807 produced
31307 produced
24105 produced
22351 produced
12222 consumed
8091 consumed
8157 consumed
21447 consumed
17058 consumed
7223 consumed
2870 consumed
16494 consumed
31194 consumed
25420 consumed
17158 consumed
30745 consumed
8907 consumed
12517 consumed
22579 consumed
14566 consumed
28843 consumed
25267 consumed
3916 consumed
11487 consumed
16768 consumed
16449 consumed
16387 consumed
30429 consumed
29018 consumed
8306 consumed
1136 consumed
24024 consumed
30183 consumed
25488 consumed
20741 consumed
7559 consumed
4306 consumed
9771 consumed
27494 consumed
21261 consumed
24704 consumed
27551 consumed
28110 consumed
718 consumed
16494 consumed
29323 consumed
6575 consumed
12416 consumed
10179 consumed
11652 consumed
15768 consumed
15749 consumed
12464 consumed
13322 consumed
12892 consumed
376 consumed
19548 consumed
76 produced
32765 produced
10529 produced
11392 produced
32691 produced
8472 produced
4890 produced
1269 produced
14450 produced
8382 produced
17856 produced
19068 produced
30896 produced
12745 produced
4242 produced
5735 produced
7433 produced
1202 produced
20281 produced
20109 produced
18822 produced
27826 produced
2585 produced
5009 produced
11980 produced
24614 produced
1319 produced
25703 produced
12179 produced
22584 produced
12538 produced
6931 produced
31322 produced
21436 produced
12836 produced
9908 produced
27481 produced
344 produced
29378 produced
9922 produced
19128 produced
21736 produced
29266 produced
19348 produced
15102 produced
3104 produced
18373 produced
8229 produced
27596 produced
26227 produced
2517 produced
8471 produced
25803 produced
5172 produced
4505 produced
17656 produced
31971 produced
8444 produced
19287 produced
22981 produced
20910 produced
23883 produced
2457 produced
23468 produced
21292 produced
2930 produced
3715 produced
10518 produced
14264 produced
21424 produced
16227 produced
14309 produced
27706 produced
17307 produced
13962 produced
12282 produced
21663 produced
23745 produced
10075 produced
3835 produced
28806 produced
30352 produced
18593 produced
14675 produced
14396 produced
30579 produced
14630 produced
7290 produced
17899 produced
10558 produced
4737 produced
18038 produced
7950 produced
11468 produced
7727 produced
5794 produced
12840 produced
20710 produced
24805 produced
27566 produced
23734 produced
20583 produced
28709 produced
29415 produced
3426 produced
15262 produced
17936 produced
31928 produced
22137 produced
4340 produced
1915 produced
31345 produced
1183 produced
18639 produced
28740 produced
2376 produced
3522 produced
22710 produced
23014 produced
11934 produced
27724 produced
29109 produced
4172 produced
10627 produced
15005 produced
32259 produced
26851 produced
32123 produced
8888 produced
8674 produced
20467 produced
6786 produced
30268 produced
17351 produced
16431 produced
17999 produced
663 produced
24507 produced
22667 produced
10966 produced
30070 produced
10753 produced
1101 produced
11792 produced
25983 produced
17657 produced
26983 produced
30462 produced
21315 produced
3652 produced
4356 produced
17388 produced
13934 produced
18217 produced
32353 produced
30195 produced
27457 produced
7223 produced
10206 produced
30145 produced
5187 produced
20524 produced
1621 produced
21917 produced
17459 produced
3606 produced
11946 produced
21669 produced
1088 produced
9912 produced
10659 produced
10074 produced
2685 produced
15663 produced
32250 produced
10591 produced
13455 produced
9942 produced
8369 produced
23678 produced
6824 produced
614 produced
16294 produced
22764 produced
20154 produced
19042 produced
6759 produced
4814 produced
7140 produced
26290 produced
23879 produced
6395 produced
23089 produced
397 produced
12978 produced
12548 produced
10881 produced
9117 produced
32445 produced
29810 produced
11975 produced
23390 produced
30977 produced
21326 produced
4725 produced
29640 produced
6314 produced
8167 produced
30517 produced
32301 produced
1739 produced
1999 produced
6618 produced
13156 produced
2805 produced
7719 produced
17302 produced
28711 produced
9735 produced
23324 produced
23405 produced
20666 produced
20295 produced
13490 produced
11241 produced
12237 produced
1970 produced
13505 produced
12560 produced
3236 produced
14225 produced
12348 produced
659 produced
7285 produced
2637 produced
953 produced
11848 produced
2834 produced
15492 produced
31022 produced
5850 produced
11975 produced
4188 produced
15097 produced
10944 produced
13190 produced
23576 produced
30756 produced
1899 produced
321 produced
26345 produced
7654 produced
23748 produced
24984 produced
2054 produced
19053 produced
9429 produced
10420 produced
15358 produced
23770 produced
966 produced
25971 produced
9293 produced
18062 produced
25612 produced
23749 produced
9518 produced
420 produced
8925 produced
21590 produced
5553 produced
20670 produced
24807 produced
28781 produced
13837 produced
11269 produced
19265 produced
10516 produced
24631 produced
32619 produced
28834 produced
6777 produced
9908 produced
7732 produced
30417 produced
13460 produced
21931 produced
4020 produced
17500 produced
3594 produced
2622 produced
6490 produced
29325 produced
24145 produced
21530 produced
10733 produced
7066 produced
25365 produced
5453 produced
2582 produced
22812 produced
13531 produced
5209 produced
30239 produced
1730 produced
20197 produced
29830 produced
1274 produced
7495 produced
20053 produced
2172 produced
133 produced
14753 produced
11413 produced
13072 produced
4876 produced
9340 produced
30965 produced
19039 produced
28175 produced
28134 produced
21910 produced
12569 produced
20038 produced
29004 produced
15240 produced
6688 produced
227 produced
21925 produced
18991 produced
10834 produced
19991 produced
24045 produced
9707 produced
27810 produced
27863 produced
7637 produced
10743 produced
19566 produced
25568 produced
26297 produced
29074 produced
2573 produced
31737 produced
210 produced
31837 produced
23975 produced
10104 produced
1197 produced
29189 produced
15433 produced
775 produced
26843 produced
18721 produced
29496 produced
21416 produced
6123 produced
21854 produced
3462 produced
9719 produced
8853 produced
217 produced
14308 produced
29359 produced
25144 produced
13516 produced
5815 produced
27760 produced
8071 produced
13677 produced
17006 produced
23232 produced
4478 produced
29971 produced
24082 produced
9807 produced
18588 produced
8859 produced
31774 produced
31359 produced
23116 produced
30474 produced
17810 produced
8227 produced
24740 produced
1651 produced
5955 produced
30087 produced
8785 produced
6172 produced
2421 produced
10162 produced
30418 produced
18908 produced
5547 produced
4327 produced
15077 produced
711 produced
20158 produced
24690 produced
26943 produced
30990 produced
24365 produced
28577 produced
11136 produced
20256 produced
16820 produced
26640 produced
30566 produced
3093 produced
26656 produced
7977 produced
3137 produced
29517 produced
17505 produced
19180 produced
25767 produced
32596 produced
26593 produced
29676 produced
28776 produced
1033 produced
11540 produced
18586 produced
10948 produced
15360 produced
8017 produced
13766 produced
24796 produced
17700 produced
5344 produced
26723 produced
15463 produced
20641 produced
12116 produced
7307 produced
26278 produced
2561 produced
13850 produced
24003 produced
22426 produced
31124 produced
32595 produced
7295 produced
19169 consumed
13169 consumed
20742 consumed
10128 consumed
2502 consumed
5782 consumed
26367 consumed
7832 consumed
7331 consumed
9912 consumed
25516 consumed
2721 consumed
28161 consumed
9751 consumed
22116 consumed
32324 consumed
21760 consumed
15269 consumed
1370 consumed
13506 consumed
12449 consumed
20398 consumed
26553 consumed
30831 consumed
21114 consumed
7102 consumed
1523 consumed
20677 consumed
431 consumed
29120 consumed
13397 consumed
8873 consumed
10781 consumed
32355 consumed
23520 consumed
9712 consumed
3032 consumed
2754 consumed
17748 consumed
21538 consumed
32472 consumed
323 consumed
6797 consumed
13438 consumed
7919 consumed
14783 consumed
4626 consumed
10558 consumed
29694 consumed
20708 consumed
30956 consumed
8732 consumed
27241 consumed
3800 consumed
3764 consumed
22548 consumed
12232 consumed
8479 consumed
26608 consumed
30316 consumed
18400 consumed
11199 consumed
19104 consumed
21746 consumed
28113 consumed
30114 consumed
14611 consumed
10117 consumed
5520 consumed
13371 consumed
7935 consumed
18134 consumed
8600 consumed
14957 consumed
21713 consumed
30320 consumed
8413 consumed
3752 consumed
27970 consumed
19446 consumed
10498 consumed
11349 consumed
299 consumed
7084 consumed
8395 consumed
29812 consumed
28058 consumed
3641 consumed
3797 consumed
4483 consumed
14373 consumed
17324 consumed
16517 consumed
21154 consumed
3454 consumed
10172 consumed
23870 consumed
16886 consumed
3656 consumed
23380 consumed
14807 consumed
31307 consumed
24105 consumed
22351 consumed
76 consumed
32765 consumed
10529 consumed
11392 consumed
32691 consumed
8472 consumed
4890 consumed
1269 consumed
14450 consumed
8382 consumed
17856 consumed
19068 consumed
30896 consumed
12745 consumed
4242 consumed
5735 consumed
7433 consumed
1202 consumed
20281 consumed
20109 consumed
18822 consumed
27826 consumed
2585 consumed
5009 consumed
11980 consumed
24614 consumed
1319 consumed
25703 consumed
12179 consumed
22584 consumed
12538 consumed
6931 consumed
31322 consumed
21436 consumed
12836 consumed
9908 consumed
27481 consumed
344 consumed
29378 consumed
9922 consumed
19128 consumed
21736 consumed
29266 consumed
19348 consumed
15102 consumed
3104 consumed
18373 consumed
8229 consumed
27596 consumed
26227 consumed
2517 consumed
8471 consumed
25803 consumed
5172 consumed
4505 consumed
17656 consumed
31971 consumed
8444 consumed
19287 consumed
22981 consumed
20910 consumed
23883 consumed
2457 consumed
23468 consumed
21292 consumed
2930 consumed
3715 consumed
10518 consumed
14264 consumed
21424 consumed
16227 consumed
14309 consumed
27706 consumed
17307 consumed
13962 consumed
12282 consumed
21663 consumed
23745 consumed
10075 consumed
3835 consumed
28806 consumed
30352 consumed
18593 consumed
14675 consumed
14396 consumed
30579 consumed
14630 consumed
7290 consumed
17899 consumed
10558 consumed
26380 produced
21219 produced
3732 produced
1746 produced
24922 produced
30830 produced
11742 produced
4472 produced
16153 produced
16475 produced
9171 produced
29343 produced
19922 produced
3044 produced
12124 produced
1498 produced
29150 produced
2254 produced
30390 produced
2499 produced
7033 produced
8755 produced
17699 produced
14054 produced
4632 produced
28293 produced
20704 produced
15834 produced
2557 produced
16080 produced
7510 produced
28849 produced
14344 produced
13119 produced
19860 produced
7059 produced
22480 produced
30946 produced
31485 produced
20645 produced
22514 produced
5294 produced
25662 produced
11055 produced
8361 produced
24518 produced
2180 produced
19967 produced
10399 produced
6393 produced
747 produced
8456 produced
19459 produced
12171 produced
14905 produced
4687 produced
6620 produced
11064 produced
14540 produced
24072 produced
2973 produced
21878 produced
16593 produced
8699 produced
23289 produced
2043 produced
28855 produced
16429 produced
27128 produced
17535 produced
3043 produced
21693 produced
29003 produced
31171 produced
15270 produced
17164 produced
26845 produced
6610 produced
23660 produced
7712 produced
24234 produced
25990 produced
11062 produced
28747 produced
12244 produced
4431 produced
26442 produced
9735 produced
22515 produced
10032 produced
15400 produced
8229 produced
19117 produced
18954 produced
1985 produced
12583 produced
2952 produced
15901 produced
20708 produced
2538 produced
30715 produced
23244 produced
505 produced
22920 produced
30667 produced
18848 produced
15345 produced
9340 produced
1941 produced
13968 produced
21885 produced
5895 produced
20902 produced
21888 produced
23166 produced
22227 produced
18707 produced
24839 produced
8125 produced
6103 produced
31495 produced
30325 produced
16093 produced
30842 produced
2647 produced
29461 produced
3726 produced
26875 produced
2396 produced
13999 produced
27395 produced
8720 produced
9729 produced
28497 produced
25253 produced
28365 produced
23579 produced
21071 produced
6921 produced
19912 produced
8697 produced
26249 produced
543 produced
11643 produced
17212 produced
17388 produced
8109 produced
18409 produced
24041 produced
27708 produced
6908 produced
24965 produced
13757 produced
8464 produced
18642 produced
28495 produced
20929 produced
23326 produced
21919 produced
26688 produced
6174 produced
18104 produced
24571 produced
17896 produced
23601 produced
27031 produced
5968 produced
30806 produced
4834 produced
21976 produced
13012 produced
20792 produced
8498 produced
3652 produced
21691 produced
10819 produced
30996 produced
32724 produced
11690 produced
19157 produced
30846 produced
13428 produced
29806 produced
20697 produced
16063 produced
8968 produced
1518 produced
8428 produced
27667 produced
16557 produced
16734 produced
8637 produced
32629 produced
14145 produced
29878 produced
18106 produced
18100 produced
25893 produced
28003 produced
11753 produced
5321 produced
2625 produced
316 produced
21779 produced
12904 produced
17993 produced
9143 produced
10792 produced
15573 produced
19519 produced
23389 produced
31455 produced
26361 produced
28474 produced
11131 produced
1949 produced
20661 produced
27749 produced
17947 produced
15768 produced
26742 produced
5706 produced
6706 produced
23612 produced
2826 produced
17745 produced
4635 produced
2510 produced
21938 produced
12675 produced
5700 produced
6991 produced
24184 produced
6548 produced
10280 produced
5027 produced
18114 produced
23329 produced
10621 produced
7666 produced
23592 produced
24630 produced
9134 produced
1871 produced
15235 produced
1555 produced
9099 produced
31639 produced
10822 produced
24880 produced
32064 produced
2460 produced
6674 produced
638 produced
3203 produced
12931 produced
2692 produced
8688 produced
17682 produced
2155 produced
15698 produced
21050 produced
10077 produced
8272 produced
28822 produced
8665 produced
28031 produced
23342 produced
4969 produced
19795 produced
1139 produced
19049 produced
10420 produced
26304 produced
9605 produced
13164 produced
19523 produced
5769 produced
9222 produced
30352 produced
3611 produced
22896 produced
17220 produced
23872 produced
6158 produced
24528 produced
10426 produced
4956 produced
20876 produced
29222 produced
16003 produced
20442 produced
30140 produced
32465 produced
6677 produced
28851 produced
20427 produced
13590 produced
15147 produced
3581 produced
4485 produced
20839 produced
14083 produced
18516 produced
30754 produced
32485 produced
9162 produced
22143 produced
13154 produced
29219 produced
22613 produced
5713 produced
17116 produced
8493 produced
21521 produced
9420 produced
15762 produced
15561 produced
25405 produced
16781 produced
14282 produced
20220 produced
21334 produced
356 produced
15129 produced
8912 produced
19411 produced
5186 produced
1217 produced
22869 produced
7955 produced
8792 produced
32317 produced
20454 produced
10132 produced
1149 produced
9241 produced
15277 produced
1381 produced
23504 produced
20231 produced
7786 produced
20446 produced
19615 produced
4912 produced
30831 produced
3982 produced
24712 produced
10696 produced
23535 produced
5237 produced
21470 produced
6373 produced
17785 produced
31859 produced
21071 produced
3473 produced
24000 produced
32257 produced
26307 produced
7197 produced
2205 produced
19231 produced
8838 produced
23225 produced
25943 produced
8333 produced
16298 produced
2626 produced
9249 produced
21822 produced
17063 produced
16731 produced
21732 produced
32266 produced
24389 produced
19903 produced
4927 produced
31139 produced
9404 produced
16342 produced
13261 produced
30922 produced
13593 produced
21638 produced
22182 produced
22211 produced
3043 produced
12619 produced
808 produced
22022 produced
6143 produced
9866 produced
12535 produced
5431 produced
11473 produced
27682 produced
25154 produced
20568 produced
3748 produced
3141 produced
13128 produced
16958 produced
7756 produced
28806 produced
795 produced
14913 produced
26633 produced
17714 produced
6564 produced
14904 produced
6575 produced
9956 produced
28392 produced
12453 produced
9220 produced
20052 produced
30601 produced
9004 produced
2922 produced
11888 produced
6800 produced
23882 produced
11198 produced
14510 produced
13417 produced
30531 produced
29567 produced
15264 produced
19247 produced
18780 produced
23091 produced
4041 produced
22571 produced
8011 produced
5638 produced
1711 produced
19095 produced
16364 produced
21685 produced
20529 produced
10151 produced
7477 produced
31658 produced
18971 produced
27594 produced
16492 produced
13161 produced
28152 produced
4397 produced
18071 produced
16938 produced
20775 produced
24448 produced
309 produced
31175 produced
27441 produced
26878 produced
3883 produced
15577 produced
5722 produced
22695 produced
513 produced
24350 produced
32374 produced
30160 produced
25422 produced
25887 produced
29182 produced
222 produced
11889 produced
26383 produced
18787 produced
19791 produced
4738 produced
6901 produced
22690 produced
15610 produced
4233 produced
18958 produced
7961 produced
151 produced
18925 produced
13676 produced
10649 produced
16769 produced
4911 produced
11748 produced
23228 produced
6331 produced
7895 produced
25383 produced
3449 produced
30513 produced
21679 produced
11823 produced
17909 produced
25409 produced
10544 produced
23261 produced
25756 produced
12154 produced
2362 produced
13536 produced
3953 produced
3748 produced
11784 produced
23512 produced
17826 produced
10496 produced
28002 produced
8891 produced
20832 produced
5841 produced
23060 produced
32376 produced
3053 produced
25626 produced
18592 produced
18395 produced
10231 produced
426 produced
3120 produced
21681 produced
30244 produced
18262 produced
32718 produced
11308 produced
22510 produced
27526 produced
12247 produced
23177 produced
21681 produced
5107 produced
14253 produced
10223 produced
1282 produced
25518 produced
10157 produced
13979 produced
18499 produced
10853 produced
1889 produced
19514 produced
30836 produced
6370 produced
18422 produced
19094 produced
4172 produced
7892 produced
15088 produced
7029 produced
30601 produced
21970 produced
24860 produced
5054 produced
27012 produced
7581 produced
9670 produced
4574 produced
10760 produced
19877 produced
23085 produced
23402 produced
31844 produced
8143 produced
1332 produced
32262 produced
4287 produced
14454 produced
23386 produced
14213 produced
23468 produced
28592 produced
29420 produced
10578 produced
3071 produced
16338 produced
2170 produced
23310 produced
4830 produced
32054 produced
26503 produced
20602 produced
29211 produced
15163 produced
19332 produced
13976 produced
17601 produced
654 produced
19712 produced
27661 produced
13804 produced
15528 produced
12057 produced
26826 produced
23006 produced
30872 produced
8502 produced
18667 produced
7504 produced
27907 produced
18680 produced
32479 produced
16134 produced
23401 produced
10349 produced
28874 produced
1958 produced
14505 produced
13447 produced
1319 produced
13258 produced
16072 produced
12237 produced
25266 produced
17492 produced
19438 produced
7505 produced
26501 produced
10498 produced
12977 produced
24546 produced
7041 produced
31042 produced
24470 produced
22914 produced
8687 produced
12103 produced
30677 produced
7963 produced
28263 produced
6492 produced
21853 produced
5229 produced
16625 produced
30072 produced
1048 produced
1099 produced
11627 produced
27411 produced
9328 produced
2311 produced
12843 produced
22329 produced
22290 produced
22827 produced
8677 produced
7901 produced
5618 produced
19561 produced
25806 produced
31599 produced
7823 produced
11477 produced
21761 produced
30129 produced
20856 produced
10322 produced
14882 produced
710 produced
11023 produced
30282 produced
10306 produced
30603 produced
14733 produced
1443 produced
17923 produced
17963 produced
13382 produced
4737 consumed
18038 consumed
7950 consumed
11468 consumed
15871 consumed
5794 consumed
12840 consumed
20710 consumed
24805 consumed
27566 consumed
23734 consumed
20583 consumed
28709 consumed
29415 consumed
3426 consumed
15262 consumed
17936 consumed
31928 consumed
22137 consumed
4340 consumed
1915 consumed
31345 consumed
1183 consumed
18639 consumed
28740 consumed
2376 consumed
3522 consumed
22710 consumed
23014 consumed
11934 consumed
27724 consumed
29109 consumed
4172 consumed
10627 consumed
15005 consumed
32259 consumed
26851 consumed
32123 consumed
8888 consumed
8674 consumed
20467 consumed
6786 consumed
30268 consumed
17351 consumed
16431 consumed
17999 consumed
663 consumed
24507 consumed
22667 consumed
10966 consumed
30070 consumed
10753 consumed
1101 consumed
11792 consumed
25983 consumed
17657 consumed
26983 consumed
30462 consumed
21315 consumed
3652 consumed
4356 consumed
17388 consumed
13934 consumed
18217 consumed
32353 consumed
30195 consumed
27457 consumed
7223 consumed
10206 consumed
30145 consumed
5187 consumed
20524 consumed
1621 consumed
21917 consumed
17459 consumed
3606 consumed
11946 consumed
21669 consumed
1088 consumed
9912 consumed
10659 consumed
10074 consumed
2685 consumed
15663 consumed
32250 consumed
10591 consumed
13455 consumed
9942 consumed
8369 consumed
23678 consumed
6824 consumed
614 consumed
16294 consumed
22764 consumed
20154 consumed
19042 consumed
6759 consumed
4814 consumed
7140 consumed
26290 consumed
18158 produced
15869 produced
14830 produced
6191 produced
26337 produced
24416 produced
9554 produced
28061 produced
3335 produced
12762 produced
16314 consumed
6395 consumed
23089 consumed
397 consumed
12978 consumed
12548 consumed
10881 consumed
9117 consumed
32445 consumed
29810 consumed
11975 consumed
23390 consumed
30977 consumed
21326 consumed
4725 consumed
29640 consumed
6314 consumed
8167 consumed
30517 consumed
32301 consumed
1739 consumed
1999 consumed
6618 consumed
13156 consumed
2805 consumed
7719 consumed
17302 consumed
28711 consumed
9735 consumed
23324 consumed
23405 consumed
20666 consumed
20295 consumed
13490 consumed
11241 consumed
12237 consumed
1970 consumed
13505 consumed
12560 consumed
3236 consumed
14225 consumed
12348 consumed
659 consumed
7285 consumed
2637 consumed
953 consumed
11848 consumed
2834 consumed
15492 consumed
31022 consumed
5850 consumed
11975 consumed
4188 consumed
15097 consumed
10944 consumed
13190 consumed
23576 consumed
30756 consumed
1899 consumed
321 consumed
26345 consumed
7654 consumed
23748 consumed
24984 consumed
2054 consumed
19053 consumed
9429 consumed
10420 consumed
15358 consumed
23770 consumed
966 consumed
25971 consumed
9293 consumed
18062 consumed
25612 consumed
23749 consumed
9518 consumed
420 consumed
8925 consumed
21590 consumed
5553 consumed
20670 consumed
24807 consumed
28781 consumed
13837 consumed
11269 consumed
19265 consumed
10516 consumed
24631 consumed
32619 consumed
28834 consumed
6777 consumed
9908 consumed
7732 consumed
30417 consumed
13460 consumed
21931 consumed
4020 consumed
17500 consumed
3594 consumed
2622 consumed
6490 consumed
29325 consumed
24145 consumed
21530 consumed
10733 consumed
7066 consumed
25365 consumed
5453 consumed
2582 consumed
22812 consumed
13531 consumed
5209 consumed
30239 consumed
1730 consumed
20197 consumed
29830 consumed
1274 consumed
7495 consumed
20053 consumed
2172 consumed
133 consumed
14753 consumed
11413 consumed
13072 consumed
4876 consumed
9340 consumed
30965 consumed
19039 consumed
28175 consumed
28134 consumed
21910 consumed
12569 consumed
20038 consumed
29004 consumed
15240 consumed
6688 consumed
227 consumed
21925 consumed
18991 consumed
10834 consumed
19991 consumed
24045 consumed
9707 consumed
27810 consumed
27863 consumed
7637 consumed
10743 consumed
19566 consumed
25568 consumed
26297 consumed
29074 consumed
2573 consumed
31737 consumed
210 consumed
31837 consumed
23975 consumed
10104 consumed
1197 consumed
29189 consumed
15433 consumed
775 consumed
26843 consumed
18721 consumed
29496 consumed
21416 consumed
6123 consumed
21854 consumed
3462 consumed
9719 consumed
8853 consumed
217 consumed
14308 consumed
29359 consumed
25144 consumed
13516 consumed
5815 consumed
27760 consumed
8071 consumed
13677 consumed
17006 consumed
23232 consumed
4478 consumed
29971 consumed
24082 consumed
9807 consumed
18588 consumed
8859 consumed
31774 consumed
31359 consumed
23116 consumed
30474 consumed
17810 consumed
8227 consumed
24740 consumed
1651 consumed
5955 consumed
30087 consumed
8785 consumed
6172 consumed
2421 consumed
10162 consumed
30418 consumed
18908 consumed
5547 consumed
4327 consumed
15077 consumed
711 consumed
20158 consumed
24690 consumed
26943 consumed
30990 consumed
24365 consumed
28577 consumed
11136 consumed
20256 consumed
16820 consumed
26640 consumed
30566 consumed
3093 consumed
26656 consumed
7977 consumed
3137 consumed
29517 consumed
17505 consumed
19180 consumed
25767 consumed
32596 consumed
26593 consumed
29676 consumed
28776 consumed
1033 consumed
11540 consumed
18586 consumed
10948 consumed
15360 consumed
8017 consumed
13766 consumed
24796 consumed
17700 consumed
5344 consumed
26723 consumed
15463 consumed
20641 consumed
12116 consumed
7307 consumed
26278 consumed
2561 consumed
13850 consumed
24003 consumed
22426 consumed
31124 consumed
32595 consumed
7295 consumed
9588 consumed
21219 consumed
3732 consumed
1746 consumed
24922 consumed
30830 consumed
11742 consumed
4472 consumed
16153 consumed
16475 consumed
9171 consumed
29343 consumed
19922 consumed
3044 consumed
12124 consumed
1498 consumed
29150 consumed
2254 consumed
30390 consumed
2499 consumed
7033 consumed
8755 consumed
17699 consumed
14054 consumed
4632 consumed
28293 consumed
20704 consumed
15834 consumed
2557 consumed
16080 consumed
7510 consumed
28849 consumed
14344 consumed
13119 consumed
19860 consumed
7059 consumed
22480 consumed
30946 consumed
31485 consumed
20645 consumed
22514 consumed
5294 consumed
25662 consumed
11055 consumed
8361 consumed
24518 consumed
2180 consumed
19967 consumed
10399 consumed
6393 consumed
747 consumed
8456 consumed
19459 consumed
12171 consumed
14905 consumed
4687 consumed
6620 consumed
11064 consumed
14540 consumed
24072 consumed
2973 consumed
21878 consumed
16593 consumed
8699 consumed
23289 consumed
2043 consumed
28855 consumed
16429 consumed
27128 consumed
17535 consumed
3043 consumed
21693 consumed
29003 consumed
31171 consumed
15270 consumed
17164 consumed
26845 consumed
6610 consumed
23660 consumed
7712 consumed
24234 consumed
25990 consumed
11062 consumed
28747 consumed
12244 consumed
4431 consumed
25267 produced
3007 produced
29086 produced
16814 produced
7787 produced
27549 produced
15162 produced
17017 produced
14185 produced
12739 produced
2982 produced
26073 produced
6041 produced
6528 produced
1478 produced
1205 produced
12183 produced
9588 produced
26134 produced
23263 produced
15593 produced
26701 produced
31116 produced
13242 produced
734 produced
1559 produced
11631 produced
23436 produced
32569 produced
31444 produced
16908 produced
13435 produced
25173 produced
28934 produced
17707 produced
11588 produced
22477 produced
15974 produced
27631 produced
17290 produced
20358 produced
6360 produced
17405 produced
110 produced
22512 produced
6047 produced
32736 produced
9055 produced
28040 produced
21709 produced
25261 produced
28467 produced
25506 produced
17150 produced
3810 produced
19831 produced
19045 produced
2886 produced
15508 produced
15364 produced
30231 produced
1896 produced
6858 produced
14547 produced
2971 produced
11337 produced
24612 produced
8211 produced
13879 produced
30884 produced
20160 produced
12408 produced
27291 produced
15358 produced
12125 produced
10709 produced
23327 produced
18909 produced
1985 produced
14829 produced
333 produced
27957 produced
4185 produced
11143 produced
24735 produced
12323 produced
11552 produced
3008 produced
26249 produced
19421 produced
28097 produced
14757 produced
3002 produced
21738 produced
22784 produced
5121 produced
6816 produced
30606 produced
1878 produced
14708 produced
16170 produced
22665 produced
20699 produced
3781 produced
17361 produced
28161 produced
4714 produced
32633 produced
8153 produced
25788 produced
19967 produced
11429 produced
15060 produced
26002 produced
10851 produced
32256 produced
2409 produced
20258 produced
5644 produced
18748 produced
26451 produced
14277 produced
4414 produced
919 produced
21164 produced
19392 produced
25463 produced
12717 produced
27756 produced
23486 produced
16394 produced
2448 produced
25133 produced
12157 produced
7690 produced
31514 produced
9521 produced
28871 produced
18281 produced
4738 produced
4773 produced
17060 produced
25441 produced
26926 produced
28967 produced
22734 produced
19 produced
6344 produced
26503 produced
9061 produced
24431 produced
25748 produced
20682 produced
25316 produced
2899 produced
3329 produced
4469 produced
14420 produced
29943 produced
382 produced
21000 produced
1471 produced
9096 produced
25742 produced
17096 produced
13032 produced
13843 produced
5663 produced
19649 produced
10809 produced
15525 produced
14360 produced
21516 produced
8701 produced
11441 produced
24881 produced
28494 produced
1487 produced
29873 produced
29191 produced
14465 produced
5202 produced
29456 produced
16496 produced
6903 produced
1315 produced
21576 produced
3339 produced
17051 produced
19212 produced
7240 produced
30492 produced
4219 produced
18043 produced
24344 produced
25239 produced
14467 produced
31794 produced
27839 produced
1147 produced
27787 produced
9279 produced
29797 produced
2401 produced
14485 produced
9519 produced
25269 produced
2645 produced
29775 produced
20351 produced
32645 produced
17380 produced
28128 produced
27987 produced
3769 produced
17270 produced
12768 produced
31338 produced
30820 produced
32479 produced
5288 produced
6226 produced
15409 produced
2608 produced
24781 produced
4824 produced
13314 produced
24531 produced
20199 produced
2243 produced
27094 produced
28375 produced
10903 produced
3266 produced
1264 produced
25480 produced
18632 produced
21154 produced
4662 produced
24131 produced
13108 produced
15556 produced
11223 produced
3208 produced
11562 produced
24015 produced
17456 produced
22609 produced
30095 produced
17058 produced
6129 produced
8610 produced
27172 produced
6285 produced
2939 produced
13922 produced
28678 produced
960 produced
30605 produced
31849 produced
17787 produced
14851 produced
10528 produced
474 produced
8427 produced
13736 produced
6287 produced
26547 produced
16685 produced
5310 produced
7163 produced
23202 produced
21253 produced
30856 produced
6382 produced
3611 produced
20458 produced
31022 produced
31038 produced
28071 produced
14860 produced
433 produced
26421 produced
30847 produced
22933 produced
10276 produced
5358 produced
31577 produced
24367 produced
22042 produced
4866 produced
7298 produced
4039 produced
21851 produced
31333 produced
28205 produced
23953 produced
5339 produced
28042 produced
31499 produced
4685 produced
14828 produced
13518 produced
283 produced
28360 produced
20914 produced
31251 produced
20164 produced
25509 produced
14039 produced
26539 produced
30241 produced
18269 produced
32641 produced
11897 produced
19100 produced
11653 produced
1921 produced
14162 produced
23742 produced
17232 produced
27342 produced
937 produced
26693 produced
21844 produced
1073 produced
364 produced
26743 produced
25233 produced
17473 produced
22057 produced
18103 produced
24751 produced
29842 produced
25973 produced
22358 produced
5511 produced
15146 produced
5774 produced
6315 produced
10725 produced
29236 produced
7487 produced
26726 produced
22924 produced
10233 produced
18948 produced
8993 produced
25723 produced
23307 produced
9583 produced
25144 produced
9583 produced
18115 produced
23242 produced
19419 produced
29097 produced
21486 produced
13822 produced
10593 produced
9713 produced
452 produced
14516 produced
14303 produced
1243 produced
23322 produced
2745 produced
26362 produced
19017 produced
19416 produced
18855 produced
31225 produced
6193 produced
27308 produced
31682 produced
16159 produced
8353 produced
2816 produced
10784 produced
20791 produced
12544 produced
11050 produced
26125 produced
6000 produced
662 produced
4835 produced
15789 produced
30571 produced
29775 produced
13819 produced
25571 produced
28051 produced
4539 produced
12107 produced
3954 produced
32685 produced
2906 produced
26602 produced
21858 produced
15791 produced
1047 produced
16036 produced
678 produced
17622 produced
22546 produced
17319 produced
14587 produced
30963 produced
16546 produced
23680 produced
21267 produced
26630 produced
31131 produced
25670 produced
21491 produced
3085 produced
19404 produced
7189 produced
26010 produced
24350 produced
8396 produced
32702 produced
10979 produced
30132 produced
1015 produced
21181 produced
26796 produced
13917 produced
6991 produced
29366 produced
187 produced
25905 produced
27311 produced
26178 produced
8535 produced
12513 produced
8533 produced
3696 produced
30891 produced
7811 produced
21453 produced
557 produced
1092 produced
11911 produced
21914 produced
26442 consumed
9735 consumed
22515 consumed
10032 consumed
15400 consumed
8229 consumed
19117 consumed
18954 consumed
1985 consumed
12583 consumed
2952 consumed
15901 consumed
20708 consumed
2538 consumed
30715 consumed
23244 consumed
505 consumed
22920 consumed
30667 consumed
18848 consumed
15345 consumed
9340 consumed
1941 consumed
13968 consumed
21885 consumed
5895 consumed
20902 consumed
21888 consumed
23166 consumed
22227 consumed
18707 consumed
24839 consumed
8125 consumed
6103 consumed
31495 consumed
30325 consumed
16093 consumed
30842 consumed
2647 consumed
29461 consumed
3726 consumed
26875 consumed
2396 consumed
13999 consumed
27395 consumed
8720 consumed
9729 consumed
28497 consumed
25253 consumed
28365 consumed
23579 consumed
21071 consumed
6921 consumed
19912 consumed
8697 consumed
26249 consumed
543 consumed
11643 consumed
17212 consumed
17388 consumed
8109 consumed
18409 consumed
24041 consumed
27708 consumed
6908 consumed
24965 consumed
13757 consumed
8464 consumed
18642 consumed
28495 consumed
20929 consumed
23326 consumed
21919 consumed
26688 consumed
6174 consumed
18104 consumed
24571 consumed
17896 consumed
23601 consumed
27031 consumed
5968 consumed
30806 consumed
4834 consumed
21976 consumed
13012 consumed
20792 consumed
8498 consumed
3652 consumed
21691 consumed
10819 consumed
30996 consumed
32724 consumed
11690 consumed
19157 consumed
30846 consumed
13428 consumed
29806 consumed
20697 consumed
16063 consumed
8968 consumed
1518 consumed
8428 consumed
27667 consumed
16557 consumed
16734 consumed
8637 consumed
32629 consumed
14145 consumed
29878 consumed
18106 consumed
18100 consumed
25893 consumed
28003 consumed
11753 consumed
5321 consumed
2625 consumed
316 consumed
21779 consumed
12904 consumed
17993 consumed
9143 consumed
10792 consumed
15573 consumed
19519 consumed
23389 consumed
31455 consumed
26361 consumed
28474 consumed
11131 consumed
1949 consumed
20661 consumed
27749 consumed
17947 consumed
15768 consumed
26742 consumed
5706 consumed
6706 consumed
23612 consumed
2826 consumed
17745 consumed
4635 consumed
2510 consumed
21938 consumed
12675 consumed
5700 consumed
6991 consumed
24184 consumed
6548 consumed
10280 consumed
5027 consumed
18114 consumed
23329 consumed
10621 consumed
7666 consumed
23592 consumed
24630 consumed
9134 consumed
1871 consumed
15235 consumed
1555 consumed
9099 consumed
31639 consumed
10822 consumed
24880 consumed
32064 consumed
2460 consumed
6674 consumed
638 consumed
3203 consumed
12931 consumed
2692 consumed
8688 consumed
17682 consumed
2155 consumed
15698 consumed
21050 consumed
10077 consumed
8272 consumed
28822 consumed
8665 consumed
28031 consumed
23342 consumed
4969 consumed
19795 consumed
1139 consumed
19049 consumed
10420 consumed
26304 consumed
9605 consumed
13164 consumed
19523 consumed
5769 consumed
9222 consumed
30352 consumed
3611 consumed
22896 consumed
17220 consumed
23872 consumed
6158 consumed
24528 consumed
10426 consumed
4956 consumed
20876 consumed
29222 consumed
16003 consumed
20442 consumed
30140 consumed
32465 consumed
6677 consumed
28851 consumed
20427 consumed
13590 consumed
15147 consumed
3581 consumed
4485 consumed
20839 consumed
14083 consumed
18516 consumed
30754 consumed
32485 consumed
9162 consumed
22143 consumed
13154 consumed
29219 consumed
22613 consumed
5713 consumed
17116 consumed
8493 consumed
21521 consumed
9420 consumed
15762 consumed
15561 consumed
25405 consumed
16781 consumed
14282 consumed
20220 consumed
21334 consumed
356 consumed
15129 consumed
8912 consumed
19411 consumed
5186 consumed
1217 consumed
22869 consumed
7955 consumed
8792 consumed
32317 consumed
20454 consumed
10132 consumed
1149 consumed
9241 consumed
15277 consumed
1381 consumed
23504 consumed
20231 consumed
7786 consumed
20446 consumed
19615 consumed
4912 consumed
30831 consumed
3982 consumed
24712 consumed
10696 consumed
23535 consumed
5237 consumed
21470 consumed
6373 consumed
17785 consumed
31859 consumed
21071 consumed
3473 consumed
24000 consumed
32257 consumed
26307 consumed
7197 consumed
2205 consumed
19231 consumed
8838 consumed
23225 consumed
25943 consumed
8333 consumed
16298 consumed
2626 consumed
9249 consumed
21822 consumed
17063 consumed
16731 consumed
21732 consumed
32266 consumed
24389 consumed
19903 consumed
4927 consumed
31139 consumed
9404 consumed
16342 consumed
13261 consumed
30922 consumed
13593 consumed
21638 consumed
22182 consumed
22211 consumed
3043 consumed
12619 consumed
808 consumed
22022 consumed
6143 consumed
9866 consumed
12535 consumed
5431 consumed
11473 consumed
27682 consumed
25154 consumed
20568 consumed
3748 consumed
3141 consumed
13128 consumed
16958 consumed
7756 consumed
28806 consumed
795 consumed
14913 consumed
26633 consumed
17714 consumed
6564 consumed
14904 consumed
6575 consumed
9956 consumed
28392 consumed
12453 consumed
9220 consumed
20052 consumed
30601 consumed
9004 consumed
2922 consumed
11888 consumed
6800 consumed
23882 consumed
11198 consumed
14510 consumed
13417 consumed
30531 consumed
29567 consumed
15264 consumed
19247 consumed
18780 consumed
23091 consumed
4041 consumed
22571 consumed
8011 consumed
5638 consumed
1711 consumed
19095 consumed
16364 consumed
21685 consumed
20529 consumed
10151 consumed
7477 consumed
31658 consumed
18971 consumed
27594 consumed
16492 consumed
13161 consumed
28152 consumed
4397 consumed
18071 consumed
16938 consumed
20775 consumed
24448 consumed
309 consumed
31175 consumed
27441 consumed
26878 consumed
3883 consumed
15577 consumed
5722 consumed
22695 consumed
513 consumed
24350 consumed
32374 consumed
30160 consumed
25422 consumed
25887 consumed
29182 consumed
222 consumed
11889 consumed
26383 consumed
18787 consumed
19791 consumed
4738 consumed
6901 consumed
22690 consumed
15610 consumed
4233 consumed
18958 consumed
7961 consumed
151 consumed
18925 consumed
13676 consumed
10649 consumed
16769 consumed
4911 consumed
11748 consumed
23228 consumed
6331 consumed
7895 consumed
25383 consumed
3449 consumed
30513 consumed
21679 consumed
11823 consumed
17909 consumed
25409 consumed
10544 consumed
23261 consumed
25756 consumed
12154 consumed
2362 consumed
13536 consumed
3953 consumed
3748 consumed
11784 consumed
23512 consumed
17826 consumed
10496 consumed
28002 consumed
8891 consumed
20832 consumed
5841 consumed
23060 consumed
32376 consumed
3053 consumed
25626 consumed
18592 consumed
18395 consumed
10231 consumed
426 consumed
3120 consumed
21681 consumed
30244 consumed
18262 consumed
32718 consumed
11308 consumed
22510 consumed
27526 consumed
12247 consumed
23177 consumed
21681 consumed
5107 consumed
14253 consumed
10223 consumed
1282 consumed
25518 consumed
10157 consumed
13979 consumed
18499 consumed
10853 consumed
1889 consumed
19514 consumed
30836 consumed
6370 consumed
18422 consumed
19094 consumed
4172 consumed
7892 consumed
15088 consumed
7029 consumed
30601 consumed
21970 consumed
24860 consumed
5054 consumed
27012 consumed
7581 consumed
9670 consumed
4574 consumed
10760 consumed
19877 consumed
23085 consumed
23402 consumed
31844 consumed
8143 consumed
1332 consumed
32262 consumed
4287 consumed
14454 consumed
23386 consumed
14213 consumed
23468 consumed
28592 consumed
29420 consumed
10578 consumed
3071 consumed
16338 consumed
2170 consumed
23310 consumed
4830 consumed
32054 consumed
26503 consumed
20602 consumed
29211 consumed
15163 consumed
19332 consumed
13976 consumed
17601 consumed
654 consumed
19712 consumed
27661 consumed
13804 consumed
15528 consumed
12057 consumed
26826 consumed
23006 consumed
30872 consumed
8502 consumed
18667 consumed
7504 consumed
27907 consumed
18680 consumed
32479 consumed
16134 consumed
23401 consumed
10349 consumed
28874 consumed
1958 consumed
14505 consumed
13447 consumed
1319 consumed
13258 consumed
16072 consumed
12237 consumed
25266 consumed
17492 consumed
19438 consumed
7505 consumed
26501 consumed
10498 consumed
12977 consumed
24546 consumed
7041 consumed
31042 consumed
24470 consumed
22914 consumed
8687 consumed
12103 consumed
30677 consumed
7963 consumed
28263 consumed
6492 consumed
21853 consumed
5229 consumed
16625 consumed
30072 consumed
1048 consumed
1099 consumed
11627 consumed
27411 consumed
9328 consumed
2311 consumed
12843 consumed
22329 consumed
22290 consumed
22827 consumed
8677 consumed
7901 consumed
5618 consumed
19561 consumed
25806 consumed
31599 consumed
7823 consumed
11477 consumed
21761 consumed
30129 consumed
20856 consumed
10322 consumed
14882 consumed
710 consumed
11023 consumed
30282 consumed
10306 consumed
30603 consumed
14733 consumed
1443 consumed
17923 consumed
17963 consumed
13382 consumed
18158 consumed
15869 consumed
14830 consumed
6191 consumed
26337 consumed
24416 consumed
9554 consumed
28061 consumed
3335 consumed
12762 consumed
13917 consumed
3007 consumed
29086 consumed
16814 consumed
7787 consumed
27549 consumed
15162 consumed
17017 consumed
14185 consumed
12739 consumed
2982 consumed
26073 consumed
6041 consumed
6528 consumed
1478 consumed
1205 consumed
12183 consumed
7952 consumed
26134 consumed
23263 consumed
15593 consumed
26701 consumed
31116 consumed
13242 consumed
734 consumed
1559 consumed
11631 consumed
23436 consumed
32569 consumed
31444 consumed
16908 consumed
13435 consumed
25173 consumed
28934 consumed
17707 consumed
11588 consumed
22477 consumed
15974 consumed
27631 consumed
17290 consumed
20358 consumed
6360 consumed
17405 consumed
110 consumed
22512 consumed
2176 produced
27229 produced
15431 produced
27258 produced
5310 produced
21832 produced
31710 produced
7404 produced
21245 produced
7695 produced
2622 produced
24048 produced
22730 produced
2650 produced
17277 produced
21006 produced
19999 produced
8595 produced
21360 produced
28569 produced
8847 produced
23881 produced
13435 produced
21045 produced
8900 produced
14546 produced
4263 produced
26519 produced
555 produced
25653 produced
14581 produced
22924 produced
11502 produced
7751 produced
9971 produced
22845 produced
30243 produced
31251 produced
6047 consumed
32736 consumed
9055 consumed
28040 consumed
21709 consumed
25261 consumed
28467 consumed
25506 consumed
17150 consumed
3810 consumed
19831 consumed
19045 consumed
2886 consumed
15508 consumed
15364 consumed
30231 consumed
1896 consumed
6858 consumed
14547 consumed
2971 consumed
11337 consumed
24612 consumed
8211 consumed
13879 consumed
30884 consumed
20160 consumed
12408 consumed
27291 consumed
15358 consumed
12125 consumed
10709 consumed
23327 consumed
18909 consumed
1985 consumed
14829 consumed
333 consumed
27957 consumed
4185 consumed
11143 consumed
24735 consumed
12323 consumed
11552 consumed
3008 consumed
26249 consumed
19421 consumed
28097 consumed
14757 consumed
3002 consumed
21738 consumed
22784 consumed
5121 consumed
6816 consumed
30606 consumed
1878 consumed
14708 consumed
16170 consumed
22665 consumed
20699 consumed
3781 consumed
17361 consumed
28161 consumed
4714 consumed
32633 consumed
8153 consumed
25788 consumed
19967 consumed
11429 consumed
15060 consumed
26002 consumed
10851 consumed
32256 consumed
2409 consumed
20258 consumed
5644 consumed
18748 consumed
26451 consumed
14277 consumed
4414 consumed
919 consumed
21164 consumed
19392 consumed
25463 consumed
12717 consumed
27756 consumed
23486 consumed
16394 consumed
2448 consumed
25133 consumed
12157 consumed
7690 consumed
31514 consumed
9521 consumed
28871 consumed
18281 consumed
4738 consumed
4773 consumed
17060 consumed
25441 consumed
26926 consumed
28967 consumed
22734 consumed
19 consumed
6344 consumed
26503 consumed
9061 consumed
24431 consumed
25748 consumed
20682 consumed
25316 consumed
2899 consumed
3329 consumed
4469 consumed
14420 consumed
29943 consumed
382 consumed
21000 consumed
1471 consumed
9096 consumed
25742 consumed
17096 consumed
13032 consumed
13843 consumed
5663 consumed
19649 consumed
10809 consumed
15525 consumed
14360 consumed
21516 consumed
8701 consumed
11441 consumed
24881 consumed
28494 consumed
1487 consumed
29873 consumed
29191 consumed
14465 consumed
5202 consumed
29456 consumed
16496 consumed
6903 consumed
1315 consumed
21576 consumed
3339 consumed
17051 consumed
19212 consumed
7240 consumed
30492 consumed
4219 consumed
18043 consumed
24344 consumed
25239 consumed
14467 consumed
31794 consumed
27839 consumed
1147 consumed
27787 consumed
9279 consumed
29797 consumed
2401 consumed
14485 consumed
9519 consumed
25269 consumed
2645 consumed
29775 consumed
20351 consumed
32645 consumed
17380 consumed
28128 consumed
27987 consumed
3769 consumed
7727 consumed
12768 consumed
31338 consumed
30820 consumed
32479 consumed
5288 consumed
6226 consumed
15409 consumed
2608 consumed
24781 consumed
4824 consumed
13314 consumed
24531 consumed
20199 consumed
2243 consumed
27094 consumed
28375 consumed
10903 consumed
3266 consumed
1264 consumed
25480 consumed
18632 consumed
21154 consumed
4662 consumed
24131 consumed
13108 consumed
15556 consumed
11223 consumed
3208 consumed
11562 consumed
24015 consumed
17456 consumed
22609 consumed
30095 consumed
17058 consumed
6129 consumed
8610 consumed
17270 consumed
6285 consumed
2939 consumed
13922 consumed
28678 consumed
960 consumed
30605 consumed
31849 consumed
17787 consumed
14851 consumed
10528 consumed
474 consumed
8427 consumed
13736 consumed
6287 consumed
26547 consumed
16685 consumed
5310 consumed
7163 consumed
23202 consumed
21253 consumed
30856 consumed
6382 consumed
3611 consumed
20458 consumed
31022 consumed
31038 consumed
28071 consumed
14860 consumed
433 consumed
26421 consumed
30847 consumed
22933 consumed
10276 consumed
5358 consumed
31577 consumed
24367 consumed
22042 consumed
4866 consumed
7298 consumed
4039 consumed
21851 consumed
31333 consumed
28205 consumed
23953 consumed
5339 consumed
28042 consumed
31499 consumed
4685 consumed
14828 consumed
13518 consumed
283 consumed
28360 consumed
20914 consumed
31251 consumed
20164 consumed
25509 consumed
14039 consumed
26539 consumed
30241 consumed
18269 consumed
32641 consumed
11897 consumed
19100 consumed
11653 consumed
1921 consumed
14162 consumed
23742 consumed
17232 consumed
27342 consumed
937 consumed
26693 consumed
21844 consumed
1073 consumed
364 consumed
26743 consumed
25233 consumed
17473 consumed
22057 consumed
18103 consumed
24751 consumed
29842 consumed
25973 consumed
22358 consumed
5511 consumed
15146 consumed
5774 consumed
6315 consumed
10725 consumed
29236 consumed
7487 consumed
26726 consumed
22924 consumed
10233 consumed
18948 consumed
8993 consumed
25723 consumed
23307 consumed
9583 consumed
25144 consumed
9583 consumed
18115 consumed
23242 consumed
19419 consumed
29097 consumed
21486 consumed
13822 consumed
10593 consumed
9713 consumed
452 consumed
14516 consumed
14303 consumed
1243 consumed
23322 consumed
2745 consumed
26362 consumed
19017 consumed
19416 consumed
18855 consumed
31225 consumed
6193 consumed
27308 consumed
31682 consumed
16159 consumed
8353 consumed
2816 consumed
10784 consumed
20791 consumed
12544 consumed
11050 consumed
26125 consumed
6000 consumed
662 consumed
4835 consumed
15789 consumed
30571 consumed
29775 consumed
13819 consumed
25571 consumed
28051 consumed
4539 consumed
12107 consumed
3954 consumed
32685 consumed
2906 consumed
26602 consumed
21858 consumed
15791 consumed
1047 consumed
16036 consumed
678 consumed
17622 consumed
22546 consumed
17319 consumed
14587 consumed
30963 consumed
16546 consumed
23680 consumed
21267 consumed
26630 consumed
31131 consumed
25670 consumed
21491 consumed
3085 consumed
19404 consumed
7189 consumed
26010 consumed
24350 consumed
8396 consumed
32702 consumed
10979 consumed
30132 consumed
1015 consumed
21181 consumed
26796 consumed
6991 consumed
29366 consumed
187 consumed
25905 consumed
27311 consumed
26178 consumed
8535 consumed
12513 consumed
8533 consumed
3696 consumed
30891 consumed
7811 consumed
21453 consumed
557 consumed
1092 consumed
11911 consumed
21914 consumed
2176 consumed
27229 consumed
15431 consumed
27258 consumed
5310 consumed
21832 consumed
31710 consumed
7404 consumed
21245 consumed
7695 consumed
7952 produced
2743 produced
14913 produced
12821 produced
23918 produced
28759 produced
20597 produced
7806 produced
32361 produced
263 produced
20670 produced
24280 produced
28922 produced
10415 produced
3315 produced
31983 produced
22997 produced
29443 produced
13450 produced
12976 produced
29246 produced
16133 produced
18956 produced
22995 produced
18718 produced
19403 produced
3270 produced
32445 produced
6742 produced
643 produced
10946 produced
6820 produced
12371 produced
8628 produced
20213 produced
14580 produced
994 produced
11719 produced
24506 produced
3057 produced
3654 produced
19141 produced
383 produced
13470 produced
393 produced
25442 produced
12734 produced
16862 produced
23311 produced
16699 produced
3632 produced
10970 produced
1137 produced
31324 produced
7229 produced
18594 produced
30344 produced
22533 produced
9398 produced
4887 produced
4807 produced
6830 produced
30662 produced
9480 produced
9934 produced
16200 produced
11558 produced
19355 produced
20029 produced
10694 produced
13457 produced
9455 produced
9926 produced
22748 produced
19064 produced
4607 produced
2695 produced
1798 produced
9462 produced
32714 produced
17558 produced
23757 produced
27910 produced
19377 produced
29661 produced
6214 produced
22516 produced
18208 produced
4136 produced
19931 produced
29969 produced
7792 produced
17788 produced
9805 produced
939 produced
9996 produced
6571 produced
15866 produced
25916 produced
22739 produced
4133 produced
2396 produced
32738 produced
30398 produced
16401 produced
25299 produced
9487 produced
10947 produced
4252 produced
9636 produced
20610 produced
6393 produced
3985 produced
31297 produced
21366 produced
11772 produced
5675 produced
14283 produced
16409 produced
11411 produced
12327 produced
32469 produced
10559 produced
16016 produced
31004 produced
29035 produced
2648 produced
3320 produced
25615 produced
11346 produced
27551 produced
9060 produced
8514 produced
26002 produced
5781 produced
8871 produced
5710 produced
21554 produced
28334 produced
1713 produced
7281 produced
17731 produced
16970 produced
948 produced
31017 produced
544 produced
10214 produced
16005 produced
17666 produced
27635 produced
15252 produced
25668 produced
13484 produced
28795 produced
20648 produced
25919 produced
30800 produced
15373 produced
27573 produced
22292 produced
9508 produced
19673 produced
6328 produced
16918 produced
23870 produced
19311 produced
29074 produced
24050 produced
10662 produced
19586 produced
4536 consumed
24048 consumed
22730 consumed
2650 consumed
17277 consumed
21006 consumed
19999 consumed
8595 consumed
21360 consumed
28569 consumed
8847 consumed
23881 consumed
13435 consumed
21045 consumed
8900 consumed
14546 consumed
4263 consumed
26519 consumed
555 consumed
25653 consumed
14581 consumed
22924 consumed
11502 consumed
7751 consumed
9971 consumed
22845 consumed
30243 consumed
31251 consumed
15500 consumed
2743 consumed
14913 consumed
12821 consumed
23918 consumed
28759 consumed
20597 consumed
7806 consumed
32361 consumed
263 consumed
20670 consumed
24280 consumed
28922 consumed
10415 consumed
3315 consumed
31983 consumed
22997 consumed
29443 consumed
13450 consumed
12976 consumed
29246 consumed
16133 consumed
18956 consumed
22995 consumed
18718 consumed
19403 consumed
3270 consumed
32445 consumed
6742 consumed
643 consumed
10946 consumed
6820 consumed
12371 consumed
8628 consumed
20213 consumed
14580 consumed
994 consumed
11719 consumed
24506 consumed
3057 consumed
3654 consumed
19141 consumed
383 consumed
13470 consumed
393 consumed
25442 consumed
12734 consumed
16862 consumed
23311 consumed
16699 consumed
3632 consumed
10970 consumed
1137 consumed
31324 consumed
7229 consumed
18594 consumed
30344 consumed
22533 consumed
9398 consumed
4887 consumed
4807 consumed
6830 consumed
30662 consumed
9480 consumed
9934 consumed
16200 consumed
11558 consumed
19355 consumed
20029 consumed
10694 consumed
13457 consumed
9455 consumed
9926 consumed
22748 consumed
19064 consumed
4607 consumed
2695 consumed
1798 consumed
9462 consumed
32714 consumed
17558 consumed
23757 consumed
27910 consumed
19377 consumed
29661 consumed
6214 consumed
22516 consumed
18208 consumed
4136 consumed
19931 consumed
29969 consumed
7792 consumed
17788 consumed
9805 consumed
939 consumed
9996 consumed
6571 consumed
15866 consumed
25916 consumed
22739 consumed
4133 consumed
2396 consumed
32738 consumed
30398 consumed
16401 consumed
25299 consumed
9487 consumed
10947 consumed
4252 consumed
9636 consumed
20610 consumed
6393 consumed
3985 consumed
31297 consumed
21366 consumed
11772 consumed
5675 consumed
14283 consumed
16409 consumed
11411 consumed
12327 consumed
32469 consumed
10559 consumed
16016 consumed
31004 consumed
29035 consumed
2648 consumed
3320 consumed
25615 consumed
11346 consumed
27551 consumed
9060 consumed
8514 consumed
26002 consumed
5781 consumed
8871 consumed
5710 consumed
21554 consumed
28334 consumed
1713 consumed
7281 consumed
17731 consumed
16970 consumed
948 consumed
31017 consumed
544 consumed
10214 consumed
16005 consumed
17666 consumed
27635 consumed
15252 consumed
25668 consumed
13484 consumed
28795 consumed
20648 consumed
25919 consumed
30800 consumed
15373 consumed
27573 consumed
22292 consumed
9508 consumed
19673 consumed
6328 consumed
16918 consumed
23870 consumed
19311 consumed
29074 consumed
24050 consumed
10662 consumed
19586 consumed
26812 consumed
23879 consumed
27172 consumed
7595 consumed
2622 consumed
15500 produced
12209 produced
30275 produced
30275 consumed
26812 produced
403 produced
15022 produced
15022 consumed
4991 produced
13860 produced
13860 consumed
14227 consumed
4991 consumed
24555 consumed
403 consumed
14227 produced
11741 produced
30509 produced
30509 consumed
11741 consumed
24555 produced
11318 produced
11318 consumed
741 consumed
741 produced
9270 produced
9270 consumed
16523 consumed
19010 produced
16523 produced
16800 produced
16800 consumed
646 produced
4336 produced
13504 produced
15890 produced
24075 produced
15303 produced
21837 produced
28027 produced
16352 produced
23638 produced
24245 produced
22597 produced
4544 produced
14909 produced
11178 produced
6567 produced
16402 produced
5654 produced
10477 produced
8113 produced
9150 produced
15355 produced
11713 produced
29159 produced
15936 produced
8009 produced
14497 produced
19247 produced
31739 produced
25508 produced
25646 produced
2797 produced
28879 produced
30524 produced
10347 produced
16748 produced
17133 produced
8782 produced
15404 produced
23424 produced
14314 produced
12269 produced
10956 produced
12649 produced
6163 produced
5122 produced
29215 produced
31995 produced
23553 produced
12946 produced
15527 produced
31484 produced
22637 produced
11327 produced
3083 produced
15310 produced
23621 produced
21522 produced
26564 produced
26445 produced
29950 produced
12919 produced
25626 produced
30715 produced
19757 produced
14729 produced
5455 produced
12635 produced
22865 produced
3728 produced
17178 produced
21914 produced
18163 produced
3272 produced
28759 produced
24180 produced
25074 produced
25957 produced
2812 produced
15702 produced
25624 produced
211 produced
22607 produced
26304 produced
25328 produced
1346 produced
29014 produced
11502 produced
20444 produced
9826 produced
25487 produced
11703 produced
15970 produced
8811 produced
18914 produced
22453 produced
25799 produced
4193 produced
29140 produced
19110 produced
2783 produced
25494 produced
24829 produced
5906 produced
23331 produced
18544 produced
20156 produced
8495 produced
18948 produced
15980 produced
26153 produced
11009 produced
1919 produced
4963 produced
25675 produced
18885 produced
12018 produced
9229 produced
26252 produced
19088 produced
10542 produced
1475 produced
32105 produced
18996 produced
29901 produced
32137 produced
22382 produced
1123 produced
18630 produced
26699 produced
6242 produced
7703 produced
17726 produced
30823 produced
12479 produced
28464 produced
9889 produced
27756 produced
18789 produced
3935 produced
12018 produced
8993 produced
6030 produced
10820 produced
14687 produced
12490 produced
11525 produced
24275 produced
11289 produced
22950 produced
6291 produced
11772 produced
15458 produced
5564 produced
27322 produced
15499 produced
14568 produced
472 produced
29350 produced
27725 produced
20049 produced
25040 produced
18273 produced
4212 produced
31255 produced
6155 produced
28998 produced
16700 produced
8086 produced
13892 produced
18360 produced
4815 produced
29539 produced
2956 produced
22292 produced
13158 produced
12512 produced
21390 produced
25315 produced
13490 produced
19981 produced
27415 produced
22613 produced
1146 produced
8609 produced
11734 produced
17643 produced
22661 produced
12122 produced
24928 produced
9587 produced
4538 produced
3729 produced
20854 produced
8505 produced
23174 produced
7953 produced
395 produced
1404 produced
1150 produced
41 produced
6017 produced
5407 produced
26950 produced
32256 produced
25524 produced
161 produced
21169 produced
26921 produced
10809 produced
6735 produced
11817 produced
3191 produced
4456 produced
6840 produced
3922 produced
13587 produced
22935 produced
2402 produced
17898 produced
203 produced
16937 produced
7611 produced
2804 produced
26285 produced
16328 produced
11346 produced
2325 produced
11733 produced
26606 produced
29767 produced
17470 produced
18051 produced
13738 produced
24833 produced
9355 produced
14705 produced
2977 produced
5150 produced
10347 produced
8547 produced
5971 produced
19376 produced
514 produced
25343 produced
31135 produced
30886 produced
9163 produced
5855 produced
22665 produced
6536 produced
130 produced
23013 produced
15932 produced
11624 produced
577 produced
30670 produced
26955 produced
21269 produced
31977 produced
9226 produced
29244 produced
26769 produced
8131 produced
13515 produced
27207 produced
16069 produced
10855 produced
5213 produced
22363 produced
13684 produced
26845 produced
23733 produced
12642 produced
21358 produced
15107 produced
20812 produced
17606 produced
12038 produced
11054 produced
11054 produced
7732 produced
15045 produced
22548 produced
27469 produced
25504 produced
19040 produced
13802 produced
10012 produced
16009 produced
25576 produced
27337 produced
857 produced
15230 produced
12609 produced
19030 produced
20778 produced
17121 produced
9685 produced
13474 produced
364 produced
3819 produced
11401 produced
23631 produced
25160 produced
17136 produced
29169 produced
14325 produced
23303 produced
2020 produced
7871 produced
8899 produced
6695 produced
21023 produced
5762 produced
28778 produced
27054 produced
13405 produced
3725 produced
30774 produced
7614 produced
25609 produced
4404 produced
23422 produced
20842 produced
21179 produced
16703 produced
2879 produced
26056 produced
255 produced
29080 produced
20740 produced
30535 produced
28248 produced
25927 produced
24329 produced
15683 produced
19076 produced
19360 produced
11167 produced
2007 produced
19458 produced
19643 produced
7122 produced
20467 produced
20434 produced
14885 produced
16714 produced
3502 produced
9852 produced
14293 produced
12143 produced
18653 produced
12883 produced
29026 produced
11217 produced
6116 produced
15099 produced
12147 produced
15814 produced
204 produced
6697 produced
24950 produced
24917 produced
28822 produced
9642 produced
28565 produced
24914 produced
15567 produced
31399 produced
26853 produced
7371 produced
25445 produced
3623 produced
25057 produced
15267 produced
31929 produced
9941 produced
5912 produced
5757 produced
5109 produced
9220 produced
10274 produced
21979 produced
22944 produced
13808 produced
32472 produced
3207 produced
25712 produced
27462 produced
14021 produced
20787 produced
29791 produced
14311 produced
6359 produced
7004 produced
27648 produced
22761 produced
32602 produced
26484 produced
29716 produced
14815 produced
13863 produced
26175 produced
32089 produced
16219 produced
11033 produced
15230 produced
5282 produced
6833 produced
705 produced
4043 produced
15660 produced
2813 produced
25947 produced
31172 produced
17712 produced
12135 produced
6144 produced
619 produced
18613 produced
20133 produced
13853 produced
18637 produced
22184 produced
14274 produced
7971 produced
2274 produced
27694 produced
8222 produced
27776 produced
2485 produced
14905 produced
8887 produced
975 produced
14020 produced
26970 produced
17574 produced
6475 produced
26794 produced
20438 produced
8941 produced
13962 produced
8443 produced
19963 produced
11631 produced
6504 produced
15728 produced
17588 produced
4928 produced
32577 produced
26180 produced
23132 produced
17439 produced
12387 produced
15325 produced
464 produced
11073 produced
24514 produced
1967 produced
30664 produced
1873 produced
13038 produced
29790 produced
10855 produced
948 produced
1603 produced
4386 produced
16144 produced
30481 produced
16735 produced
9328 produced
10876 produced
27409 produced
20442 produced
4567 produced
3849 produced
20835 produced
4657 produced
22312 produced
21845 produced
2564 produced
23298 produced
25817 produced
13068 produced
7869 produced
19583 produced
21931 produced
5118 produced
22509 produced
10781 produced
18827 produced
6517 produced
3720 produced
29324 produced
26550 produced
9157 produced
24416 produced
21996 produced
19489 produced
6692 produced
9123 produced
23614 produced
25624 produced
25788 produced
21157 produced
20504 produced
32293 produced
19711 produced
12512 produced
16797 produced
4403 produced
14395 produced
28730 produced
13741 produced
32499 produced
28782 produced
9606 produced
21849 produced
4336 consumed
13504 consumed
15890 consumed
24075 consumed
15303 consumed
21837 consumed
28027 consumed
16352 consumed
23638 consumed
24245 consumed
22597 consumed
4544 consumed
14909 consumed
11178 consumed
6567 consumed
16402 consumed
5654 consumed
10477 consumed
8113 consumed
9150 consumed
15355 consumed
11713 consumed
29159 consumed
15936 consumed
8009 consumed
14497 consumed
19247 consumed
31739 consumed
25508 consumed
25646 consumed
2797 consumed
28879 consumed
30524 consumed
10347 consumed
16748 consumed
17133 consumed
8782 consumed
15404 consumed
23424 consumed
14314 consumed
12269 consumed
10956 consumed
12649 consumed
6163 consumed
5122 consumed
29215 consumed
31995 consumed
23553 consumed
12946 consumed
15527 consumed
31484 consumed
22637 consumed
11327 consumed
3083 consumed
15310 consumed
23621 consumed
21522 consumed
26564 consumed
26445 consumed
29950 consumed
12919 consumed
25626 consumed
30715 consumed
19757 consumed
14729 consumed
5455 consumed
12635 consumed
22865 consumed
3728 consumed
17178 consumed
21914 consumed
18163 consumed
3272 consumed
28759 consumed
24180 consumed
25074 consumed
25957 consumed
2812 consumed
15702 consumed
25624 consumed
211 consumed
22607 consumed
26304 consumed
25328 consumed
1346 consumed
29014 consumed
11502 consumed
20444 consumed
9826 consumed
25487 consumed
11703 consumed
15970 consumed
8811 consumed
18914 consumed
22453 consumed
25799 consumed
4193 consumed
29140 consumed
19110 consumed
2783 consumed
25494 consumed
24829 consumed
5906 consumed
23331 consumed
18544 consumed
20156 consumed
8495 consumed
18948 consumed
15980 consumed
26153 consumed
11009 consumed
30547 produced
14806 produced
23590 produced
14752 produced
3623 produced
23329 produced
8246 produced
27103 produced
11098 produced
4085 produced
6572 produced
32220 produced
5504 produced
26988 produced
9940 produced
26120 produced
6487 produced
26390 produced
22405 produced
1832 produced
2976 produced
16773 produced
7579 produced
30970 produced
7469 produced
15887 produced
24998 produced
6171 produced
13628 produced
28623 produced
20452 produced
28456 produced
17923 produced
2541 produced
29037 produced
15139 produced
20364 produced
10015 produced
26030 produced
3865 produced
1219 produced
10864 produced
20504 produced
23298 produced
18126 produced
7489 produced
19993 produced
23017 produced
27292 produced
11917 produced
2380 produced
11085 produced
31937 produced
14193 produced
14829 produced
7110 produced
30593 produced
26859 produced
11663 produced
24812 produced
7978 produced
1762 produced
9745 produced
19572 produced
30888 produced
21606 produced
9422 produced
15004 produced
3667 produced
5434 produced
30228 produced
16330 produced
30475 produced
18575 produced
4312 produced
22895 produced
21383 produced
275 produced
7847 produced
9778 produced
13802 produced
32298 produced
16352 produced
26955 produced
10135 produced
27259 produced
24609 produced
23852 produced
16711 produced
25519 produced
12031 produced
6503 produced
2393 produced
12149 produced
4346 produced
4044 produced
3177 produced
16842 produced
7343 produced
25809 produced
25635 produced
30839 produced
30800 produced
10040 produced
8281 produced
12251 produced
11090 produced
10987 produced
18004 produced
5354 produced
14437 produced
2859 produced
23144 produced
22646 produced
5033 produced
6121 produced
10187 produced
10158 produced
18719 produced
12916 produced
15016 produced
3556 produced
26462 produced
23893 produced
16494 produced
9107 produced
647 produced
887 produced
17006 produced
19010 consumed
4963 consumed
25675 consumed
646 consumed
12018 consumed
9229 consumed
26252 consumed
19088 consumed
10542 consumed
1475 consumed
32105 consumed
18996 consumed
29901 consumed
32137 consumed
22382 consumed
1123 consumed
18630 consumed
26699 consumed
6242 consumed
7703 consumed
17726 consumed
30823 consumed
12479 consumed
28464 consumed
9889 consumed
27756 consumed
18789 consumed
3935 consumed
12018 consumed
8993 consumed
6030 consumed
10820 consumed
14687 consumed
12490 consumed
11525 consumed
24275 consumed
11289 consumed
22950 consumed
6291 consumed
11772 consumed
15458 consumed
5564 consumed
27322 consumed
15499 consumed
14568 consumed
472 consumed
29350 consumed
27725 consumed
20049 consumed
25040 consumed
18273 consumed
4212 consumed
31255 consumed
6155 consumed
28998 consumed
16700 consumed
8086 consumed
13892 consumed
18360 consumed
4815 consumed
29539 consumed
2956 consumed
22292 consumed
13158 consumed
12512 consumed
21390 consumed
25315 consumed
13490 consumed
19981 consumed
27415 consumed
22613 consumed
1146 consumed
8609 consumed
11734 consumed
17643 consumed
22661 consumed
12122 consumed
24928 consumed
9587 consumed
4538 consumed
3729 consumed
20854 consumed
8505 consumed
23174 consumed
7953 consumed
395 consumed
1404 consumed
1150 consumed
41 consumed
6017 consumed
5407 consumed
26950 consumed
32256 consumed
25524 consumed
161 consumed
21169 consumed
26921 consumed
10809 consumed
6735 consumed
11817 consumed
3191 consumed
4456 consumed
6840 consumed
3922 consumed
13587 consumed
22935 consumed
2402 consumed
17898 consumed
203 consumed
16937 consumed
7611 consumed
2804 consumed
26285 consumed
16328 consumed
11346 consumed
2325 consumed
11733 consumed
26606 consumed
29767 consumed
17470 consumed
18051 consumed
13738 consumed
24833 consumed
9355 consumed
14705 consumed
2977 consumed
5150 consumed
10347 consumed
8547 consumed
5971 consumed
19376 consumed
514 consumed
25343 consumed
31135 consumed
30886 consumed
9163 consumed
5855 consumed
22665 consumed
6536 consumed
130 consumed
23013 consumed
15932 consumed
11624 consumed
577 consumed
30670 consumed
26955 consumed
21269 consumed
31977 consumed
9226 consumed
29244 consumed
26769 consumed
8131 consumed
13515 consumed
27207 consumed
16069 consumed
10855 consumed
5213 consumed
22363 consumed
13684 consumed
26845 consumed
23733 consumed
12642 consumed
21358 consumed
15107 consumed
20812 consumed
17606 consumed
12038 consumed
11054 consumed
11054 consumed
7732 consumed
15045 consumed
22548 consumed
27469 consumed
25504 consumed
19040 consumed
13802 consumed
10012 consumed
16009 consumed
25576 consumed
27337 consumed
857 consumed
15230 consumed
12609 consumed
19030 consumed
20778 consumed
17121 consumed
9685 consumed
13474 consumed
364 consumed
3819 consumed
11401 consumed
23631 consumed
25160 consumed
17136 consumed
29169 consumed
14325 consumed
23303 consumed
2020 consumed
7871 consumed
8899 consumed
6695 consumed
21023 consumed
5762 consumed
28778 consumed
27054 consumed
13405 consumed
3725 consumed
30774 consumed
7614 consumed
25609 consumed
4404 consumed
23422 consumed
20842 consumed
21179 consumed
16703 consumed
2879 consumed
26056 consumed
255 consumed
29080 consumed
20740 consumed
30535 consumed
28248 consumed
25927 consumed
24329 consumed
15683 consumed
19076 consumed
19360 consumed
11167 consumed
2007 consumed
19458 consumed
19643 consumed
7122 consumed
20467 consumed
20434 consumed
14885 consumed
16714 consumed
3502 consumed
9852 consumed
14293 consumed
12143 consumed
18885 consumed
12883 consumed
29026 consumed
11217 consumed
6116 consumed
15099 consumed
12147 consumed
15814 consumed
204 consumed
6697 consumed
24950 consumed
24917 consumed
28822 consumed
9642 consumed
28565 consumed
24914 consumed
15567 consumed
31399 consumed
26853 consumed
7371 consumed
25445 consumed
3623 consumed
25057 consumed
15267 consumed
31929 consumed
9941 consumed
5912 consumed
5757 consumed
5109 consumed
9220 consumed
10274 consumed
21979 consumed
22944 consumed
13808 consumed
32472 consumed
3207 consumed
25712 consumed
27462 consumed
14021 consumed
20787 consumed
29791 consumed
14311 consumed
6359 consumed
7004 consumed
27648 consumed
22761 consumed
32602 consumed
26484 consumed
29716 consumed
14815 consumed
13863 consumed
26175 consumed
32089 consumed
16219 consumed
11033 consumed
15230 consumed
5282 consumed
6833 consumed
705 consumed
4043 consumed
15660 consumed
2813 consumed
25947 consumed
31172 consumed
17712 consumed
12135 consumed
6144 consumed
619 consumed
18613 consumed
20133 consumed
13853 consumed
18637 consumed
22184 consumed
14274 consumed
7971 consumed
2274 consumed
27694 consumed
8222 consumed
27776 consumed
2485 consumed
14905 consumed
8887 consumed
975 consumed
14020 consumed
26970 consumed
17574 consumed
6475 consumed
26794 consumed
20438 consumed
8941 consumed
13962 consumed
8443 consumed
19963 consumed
11631 consumed
6504 consumed
15728 consumed
17588 consumed
4928 consumed
32577 consumed
26180 consumed
23132 consumed
17439 consumed
12387 consumed
15325 consumed
464 consumed
11073 consumed
24514 consumed
1967 consumed
30664 consumed
1873 consumed
13038 consumed
29790 consumed
10855 consumed
948 consumed
1603 consumed
4386 consumed
16144 consumed
30481 consumed
16735 consumed
9328 consumed
10876 consumed
27409 consumed
20442 consumed
4567 consumed
3849 consumed
20835 consumed
4657 consumed
22312 consumed
21845 consumed
2564 consumed
23298 consumed
25817 consumed
13068 consumed
7869 consumed
19583 consumed
21931 consumed
5118 consumed
22509 consumed
10781 consumed
18827 consumed
6517 consumed
3720 consumed
29324 consumed
26550 consumed
9157 consumed
24416 consumed
21996 consumed
19489 consumed
6692 consumed
9123 consumed
23614 consumed
25624 consumed
25788 consumed
21157 consumed
20504 consumed
32293 consumed
19711 consumed
12512 consumed
16797 consumed
4403 consumed
14395 consumed
28730 consumed
13741 consumed
32499 consumed
28782 consumed
9606 consumed
21849 consumed
21887 consumed
14806 consumed
23590 consumed
14752 consumed
3623 consumed
23329 consumed
8246 consumed
27103 consumed
11098 consumed
4085 consumed
6572 consumed
32220 consumed
5504 consumed
26988 consumed
9940 consumed
26120 consumed
6487 consumed
26390 consumed
22405 consumed
1832 consumed
2976 consumed
16773 consumed
7579 consumed
30970 consumed
7469 consumed
15887 consumed
24998 consumed
6171 consumed
13628 consumed
28623 consumed
20452 consumed
28456 consumed
17923 consumed
2541 consumed
29037 consumed
15139 consumed
20364 consumed
10015 consumed
26030 consumed
3865 consumed
1219 consumed
10864 consumed
20504 consumed
23298 consumed
18126 consumed
7489 consumed
19993 consumed
23017 consumed
27292 consumed
11917 consumed
2380 consumed
11085 consumed
31937 consumed
14193 consumed
14829 consumed
7110 consumed
30593 consumed
26859 consumed
11663 consumed
24812 consumed
7978 consumed
1762 consumed
9745 consumed
19572 consumed
30888 consumed
21606 consumed
9422 consumed
15004 consumed
3667 consumed
5434 consumed
30228 consumed
16330 consumed
30475 consumed
18575 consumed
4312 consumed
22895 consumed
21383 consumed
275 consumed
7847 consumed
9778 consumed
13802 consumed
32298 consumed
16352 consumed
26955 consumed
10135 consumed
27259 consumed
24609 consumed
23852 consumed
16711 consumed
25519 consumed
12031 consumed
6503 consumed
2393 consumed
12149 consumed
4346 consumed
4044 consumed
3177 consumed
16842 consumed
7343 consumed
25809 consumed
25635 consumed
30839 consumed
30800 consumed
10040 consumed
8281 consumed
12251 consumed
11090 consumed
10987 consumed
18004 consumed
5354 consumed
14437 consumed
2859 consumed
23144 consumed
22646 consumed
5033 consumed
6121 consumed
10187 consumed
10158 consumed
18719 consumed
12916 consumed
15016 consumed
3556 consumed
26462 consumed
23893 consumed
16494 consumed
9107 consumed
647 consumed
887 consumed
17006 consumed
11936 consumed
21887 produced
28507 produced
14156 produced
12698 produced
21566 produced
24541 produced
10701 produced
28482 produced
14343 produced
18812 produced
27714 produced
28466 produced
4745 produced
6718 produced
2917 produced
18126 produced
12522 produced
703 produced
27954 produced
7342 produced
21934 produced
22660 produced
31215 produced
15766 produced
18907 produced
29325 produced
22122 produced
32169 produced
2394 produced
13353 produced
4994 produced
14809 produced
3745 produced
14863 produced
30440 produced
3490 produced
399 produced
23977 produced
16679 produced
4344 produced
19863 produced
691 produced
5346 produced
12926 produced
25377 produced
25349 produced
25437 produced
504 produced
10285 produced
19629 produced
576 produced
32515 produced
23610 produced
1601 produced
20119 produced
16388 produced
29542 produced
19828 produced
284 produced
1374 produced
11478 produced
9190 produced
6073 produced
3304 produced
26712 produced
24129 produced
30793 produced
14750 produced
32583 produced
10625 produced
12447 produced
25494 produced
9392 produced
31379 produced
30665 produced
25654 produced
4274 produced
7202 produced
21653 produced
12965 produced
31531 produced
20142 produced
3413 produced
9343 produced
10641 produced
11998 produced
17632 produced
9933 produced
5149 produced
22039 produced
26841 produced
820 produced
26159 produced
26957 produced
21812 produced
1388 produced
24046 produced
2585 produced
20725 produced
5364 produced
20270 produced
24076 produced
18491 produced
5892 produced
19864 produced
8260 produced
26494 produced
11460 produced
16900 produced
28988 produced
31765 produced
8635 produced
28458 produced
22760 produced
15867 produced
7818 produced
10618 produced
12034 produced
26322 produced
29658 produced
17992 produced
23967 produced
14888 produced
4499 produced
1580 produced
12805 produced
25338 produced
32334 produced
32425 produced
12224 produced
19062 produced
25358 produced
18188 produced
6643 produced
19461 produced
32554 produced
27799 produced
9965 produced
27273 produced
6286 produced
29151 produced
4604 produced
27363 produced
15396 produced
23923 produced
32646 produced
30649 produced
25228 produced
7102 produced
26453 produced
12918 produced
19731 produced
14383 produced
31027 produced
21906 produced
12003 produced
12695 produced
12215 produced
19475 produced
30327 produced
28114 produced
1374 produced
25172 produced
19282 produced
4265 produced
32733 produced
29701 produced
5105 produced
14839 produced
1462 produced
15219 produced
6142 produced
28427 produced
12810 produced
9737 produced
4806 produced
13134 produced
6830 produced
21015 produced
18925 produced
5157 produced
15489 produced
6611 produced
11936 produced
25466 produced
14988 produced
28325 produced
6112 produced
28507 consumed
14156 consumed
12698 consumed
21566 consumed
24541 consumed
10701 consumed
28482 consumed
14343 consumed
18812 consumed
27714 consumed
12209 consumed
4745 consumed
6718 consumed
2917 consumed
18126 consumed
12522 consumed
703 consumed
27954 consumed
7342 consumed
21934 consumed
22660 consumed
31215 consumed
15766 consumed
18907 consumed
29325 consumed
22122 consumed
32169 consumed
2394 consumed
13353 consumed
4994 consumed
14809 consumed
3745 consumed
14863 consumed
30440 consumed
3490 consumed
399 consumed
23977 consumed
16679 consumed
4344 consumed
19863 consumed
691 consumed
5346 consumed
12926 consumed
25377 consumed
25349 consumed
25437 consumed
504 consumed
10285 consumed
19629 consumed
576 consumed
32515 consumed
23610 consumed
1601 consumed
20119 consumed
16388 consumed
29542 consumed
19828 consumed
284 consumed
1374 consumed
11478 consumed
9190 consumed
6073 consumed
3304 consumed
26712 consumed
24129 consumed
30793 consumed
14750 consumed
32583 consumed
10625 consumed
12447 consumed
25494 consumed
9392 consumed
31379 consumed
30665 consumed
25654 consumed
4274 consumed
7202 consumed
21653 consumed
12965 consumed
31531 consumed
20142 consumed
3413 consumed
9343 consumed
10641 consumed
11998 consumed
17632 consumed
9933 consumed
5149 consumed
22039 consumed
26841 consumed
820 consumed
26159 consumed
26957 consumed
21812 consumed
1388 consumed
24046 consumed
2585 consumed
20725 consumed
5364 consumed
20270 consumed
24076 consumed
18491 consumed
5892 consumed
19864 consumed
8260 consumed
26494 consumed
11460 consumed
16900 consumed
28988 consumed
31765 consumed
8635 consumed
28458 consumed
22760 consumed
15867 consumed
7818 consumed
10618 consumed
12034 consumed
26322 consumed
29658 consumed
17992 consumed
23967 consumed
14888 consumed
4499 consumed
1580 consumed
12805 consumed
25338 consumed
32334 consumed
32425 consumed
12224 consumed
19062 consumed
25358 consumed
18188 consumed
6643 consumed
19461 consumed
32554 consumed
27799 consumed
9965 consumed
27273 consumed
6286 consumed
29151 consumed
4604 consumed
27363 consumed
15396 consumed
23923 consumed
32646 consumed
30649 consumed
25228 consumed
7102 consumed
26453 consumed
12918 consumed
19731 consumed
14383 consumed
31027 consumed
21906 consumed
12003 consumed
12695 consumed
12215 consumed
19475 consumed
30327 consumed
28114 consumed
1374 consumed
25172 consumed
19282 consumed
4265 consumed
32733 consumed
29701 consumed
5105 consumed
14839 consumed
1462 consumed
15219 consumed
6142 consumed
28427 consumed
12810 consumed
9737 consumed
4806 consumed
13134 consumed
6830 consumed
21015 consumed
18925 consumed
5157 consumed
15489 consumed
6611 consumed
25466 consumed
14988 consumed
28325 consumed
6112 consumed
14154 consumed
1919 consumed
30547 consumed
18653 consumed
28466 consumed
14154 produced
1195 produced
1195 consumed
25302 produced
23003 produced
23003 consumed
21231 produced
21822 produced
21822 consumed
25302 consumed
11741 produced
19663 produced
24379 produced
24379 consumed
19663 consumed
11741 consumed
23835 produced
31551 produced
29688 produced
29688 consumed
31551 consumed
23835 consumed
272 produced
25073 produced
7429 produced
7429 consumed
25073 consumed
272 consumed
12303 produced
20943 produced
9446 produced
26571 produced
31505 produced
15379 produced
7294 produced
5396 produced
4417 produced
4256 produced
1471 produced
8160 produced
11120 produced
26518 produced
4243 produced
20353 produced
11900 produced
8683 produced
11117 produced
25770 produced
29719 produced
7959 produced
12847 produced
7369 produced
4297 produced
31505 produced
1100 produced
32662 produced
15160 produced
26747 produced
17961 produced
10988 produced
14504 produced
31513 produced
20938 produced
4313 produced
29374 produced
30344 produced
6826 produced
23537 produced
6793 produced
29997 produced
2282 produced
28135 produced
31939 produced
31595 produced
4014 produced
11358 produced
27475 produced
19225 produced
709 produced
4092 produced
24599 produced
2867 produced
28552 produced
10688 produced
15585 produced
6095 produced
32004 produced
4758 produced
19647 produced
3667 produced
5979 produced
31017 produced
27264 produced
27110 produced
27239 produced
16889 produced
28787 produced
17444 produced
28577 produced
28077 produced
21874 produced
3606 produced
4929 produced
14762 produced
6943 produced
21857 produced
13479 produced
12004 produced
29038 produced
27069 produced
1530 produced
4852 produced
13156 produced
30377 produced
3855 produced
28524 produced
8478 produced
25950 produced
22412 produced
9063 produced
31508 produced
6913 produced
31821 produced
13156 produced
25247 produced
26396 produced
13318 produced
19284 produced
9145 produced
9446 consumed
21231 consumed
26571 consumed
20943 consumed
12303 consumed
